Using pre-set license
Built from '2020.3/staging' branch; Version is '2020.3.20f1 (41c4e627c95f) revision 4310246'; Using compiler version '192528614'; Build Type 'Release'
OS: 'Windows 10 Home; OS build 19043.1288; Version 2009; 64bit' Language: 'en' Physical Memory: 32515 MB
BatchMode: 1, IsHumanControllingUs: 0, StartBugReporterOnCrash: 0, Is64bit: 1, IsPro: 0

COMMAND LINE ARGUMENTS:
C:\Program Files\Unity\Hub\Editor\2020.3.20f1\Editor\Unity.exe
-adb2
-batchMode
-noUpm
-name
AssetImportWorker0
-projectPath
D:/Fall 2021/techSeminar/mTm/Projects/mTm_DEMO_02
-logFile
Logs/AssetImportWorker0.log
-srvPort
64445
Successfully changed project path to: D:/Fall 2021/techSeminar/mTm/Projects/mTm_DEMO_02
D:/Fall 2021/techSeminar/mTm/Projects/mTm_DEMO_02
Using Asset Import Pipeline V2.
Refreshing native plugins compatible for Editor in 24.26 ms, found 2 plugins.
Preloading 0 native plugins for Editor in 0.00 ms.
Initialize engine version: 2020.3.20f1 (41c4e627c95f)
[Subsystems] Discovering subsystems at path C:/Program Files/Unity/Hub/Editor/2020.3.20f1/Editor/Data/Resources/UnitySubsystems
[Subsystems] Discovering subsystems at path D:/Fall 2021/techSeminar/mTm/Projects/mTm_DEMO_02/Assets
GfxDevice: creating device client; threaded=0
Direct3D:
    Version:  Direct3D 11.0 [level 11.1]
    Renderer: NVIDIA GeForce RTX 3080 Laptop GPU (ID=0x249c)
    Vendor:   
    VRAM:     16201 MB
    Driver:   27.21.14.6650
Initialize mono
Mono path[0] = 'C:/Program Files/Unity/Hub/Editor/2020.3.20f1/Editor/Data/Managed'
Mono path[1] = 'C:/Program Files/Unity/Hub/Editor/2020.3.20f1/Editor/Data/MonoBleedingEdge/lib/mono/unityjit'
Mono config path = 'C:/Program Files/Unity/Hub/Editor/2020.3.20f1/Editor/Data/MonoBleedingEdge/etc'
Using monoOptions --debugger-agent=transport=dt_socket,embedding=1,server=y,suspend=n,address=127.0.0.1:56164
Begin MonoManager ReloadAssembly
Registering precompiled unity dll's ...
Register platform support module: C:/Program Files/Unity/Hub/Editor/2020.3.20f1/Editor/Data/PlaybackEngines/WebGLSupport/UnityEditor.WebGL.Extensions.dll
Register platform support module: C:/Program Files/Unity/Hub/Editor/2020.3.20f1/Editor/Data/PlaybackEngines/WindowsStandaloneSupport/UnityEditor.WindowsStandalone.Extensions.dll
Registered in 0.001400 seconds.
Native extension for WindowsStandalone target not found
Native extension for WebGL target not found
Refreshing native plugins compatible for Editor in 18.80 ms, found 2 plugins.
Preloading 0 native plugins for Editor in 0.00 ms.
Mono: successfully reloaded assembly
- Completed reload, in  1.159 seconds
Domain Reload Profiling:
	ReloadAssembly (1160ms)
		BeginReloadAssembly (33ms)
			ExecutionOrderSort (0ms)
			DisableScriptedObjects (0ms)
			BackupInstance (0ms)
			ReleaseScriptingObjects (0ms)
			CreateAndSetChildDomain (1ms)
		EndReloadAssembly (258ms)
			LoadAssemblies (32ms)
			RebuildTransferFunctionScriptingTraits (0ms)
			SetupTypeCache (92ms)
			ReleaseScriptCaches (0ms)
			RebuildScriptCaches (20ms)
			SetupLoadedEditorAssemblies (102ms)
				LogAssemblyErrors (0ms)
				InitializePlatformSupportModulesInManaged (4ms)
				SetLoadedEditorAssemblies (0ms)
				RefreshPlugins (19ms)
				BeforeProcessingInitializeOnLoad (11ms)
				ProcessInitializeOnLoadAttributes (51ms)
				ProcessInitializeOnLoadMethodAttributes (17ms)
				AfterProcessingInitializeOnLoad (0ms)
				EditorAssembliesLoaded (0ms)
			ExecutionOrderSort2 (0ms)
			AwakeInstancesAfterBackupRestoration (0ms)
Platform modules already initialized, skipping
Registering precompiled user dll's ...
Registered in 0.001085 seconds.
Begin MonoManager ReloadAssembly
Native extension for WindowsStandalone target not found
Native extension for WebGL target not found
Refreshing native plugins compatible for Editor in 0.25 ms, found 2 plugins.
Preloading 0 native plugins for Editor in 0.00 ms.
Mono: successfully reloaded assembly
- Completed reload, in  0.641 seconds
Domain Reload Profiling:
	ReloadAssembly (642ms)
		BeginReloadAssembly (104ms)
			ExecutionOrderSort (0ms)
			DisableScriptedObjects (3ms)
			BackupInstance (0ms)
			ReleaseScriptingObjects (0ms)
			CreateAndSetChildDomain (21ms)
		EndReloadAssembly (497ms)
			LoadAssemblies (54ms)
			RebuildTransferFunctionScriptingTraits (0ms)
			SetupTypeCache (167ms)
			ReleaseScriptCaches (0ms)
			RebuildScriptCaches (29ms)
			SetupLoadedEditorAssemblies (195ms)
				LogAssemblyErrors (0ms)
				InitializePlatformSupportModulesInManaged (4ms)
				SetLoadedEditorAssemblies (0ms)
				RefreshPlugins (0ms)
				BeforeProcessingInitializeOnLoad (48ms)
				ProcessInitializeOnLoadAttributes (136ms)
				ProcessInitializeOnLoadMethodAttributes (2ms)
				AfterProcessingInitializeOnLoad (4ms)
				EditorAssembliesLoaded (0ms)
			ExecutionOrderSort2 (0ms)
			AwakeInstancesAfterBackupRestoration (5ms)
Platform modules already initialized, skipping
========================================================================
Worker process is ready to serve import requests
Launched and connected shader compiler UnityShaderCompiler.exe after 0.04 seconds
Refreshing native plugins compatible for Editor in 0.26 ms, found 2 plugins.
Preloading 0 native plugins for Editor in 0.00 ms.
Unloading 1405 Unused Serialized files (Serialized files now loaded: 0)
System memory in use before: 65.0 MB.
System memory in use after: 65.1 MB.

Unloading 16 unused Assets to reduce memory usage. Loaded Objects now: 1840.
Total: 1.966900 ms (FindLiveObjects: 0.100200 ms CreateObjectMapping: 0.023900 ms MarkObjects: 1.792400 ms  DeleteObjects: 0.049600 ms)

AssetImportParameters requested are different than current active one (requested -> active):
  custom:framework-win-MediaFoundation: 216162199b28c13a410421893ffa2e32 -> 
  custom:video-decoder-ogg-theora: a1e56fd34408186e4bbccfd4996cb3dc -> 
  custom:container-muxer-webm: aa71ff27fc2769a1b78a27578f13a17b -> 
  custom:container-demuxer-webm: 4f35f7cbe854078d1ac9338744f61a02 -> 
  custom:container-demuxer-ogg: 62fdf1f143b41e24485cea50d1cbac27 -> 
  custom:video-encoder-webm-vp8: eb34c28f22e8b96e1ab97ce403110664 -> 
  custom:video-decoder-webm-vp8: 9c59270c3fd7afecdb556c50c9e8de78 -> 
  custom:audio-decoder-ogg-vorbis: bf7c407c2cedff20999df2af8eb42d56 -> 
  custom:audio-encoder-webm-vorbis: bf7c407c2cedff20999df2af8eb42d56 -> 
========================================================================
Received Import Request.
  path: Assets/roof01_export_001.obj
  artifactKey: Guid(d5804788d0541974fbb6fb94a6841c85) Importer(815301076,1909f56bfc062723c751e8b465ee728b)
Start importing Assets/roof01_export_001.obj using Guid(d5804788d0541974fbb6fb94a6841c85) Importer(815301076,1909f56bfc062723c751e8b465ee728b)  -> (artifact id: '40e871c48b5b54d136918f1dfce167b5') in 0.233887 seconds 
  Import took 0.235820 seconds .

========================================================================
Received Import Request.
  Time since last request: 11.605196 seconds.
  path: Assets/Cursor
  artifactKey: Guid(2d57586ca763ef74aa0c08bb1ebb063a) Importer(815301076,1909f56bfc062723c751e8b465ee728b)
Start importing Assets/Cursor using Guid(2d57586ca763ef74aa0c08bb1ebb063a) Importer(815301076,1909f56bfc062723c751e8b465ee728b)  -> (artifact id: '4695f9a4c7c95d10fcab1fcda920dbb6') in 0.007558 seconds 
  Import took 0.010294 seconds .

========================================================================
Received Import Request.
  Time since last request: 0.318555 seconds.
  path: Assets/Scenes
  artifactKey: Guid(c5d75943d92c5104da423bd4efa685e1) Importer(815301076,1909f56bfc062723c751e8b465ee728b)
Start importing Assets/Scenes using Guid(c5d75943d92c5104da423bd4efa685e1) Importer(815301076,1909f56bfc062723c751e8b465ee728b)  -> (artifact id: '62f4dea4eed9cc2fc1054f2d940a4299') in 0.006448 seconds 
  Import took 0.009383 seconds .

========================================================================
Received Import Request.
  Time since last request: 0.780801 seconds.
  path: Assets/Scenes/SampleScene.unity
  artifactKey: Guid(9fc0d4010bbf28b4594072e72b8655ab) Importer(815301076,1909f56bfc062723c751e8b465ee728b)
Start importing Assets/Scenes/SampleScene.unity using Guid(9fc0d4010bbf28b4594072e72b8655ab) Importer(815301076,1909f56bfc062723c751e8b465ee728b)  -> (artifact id: '19cc8456d4fade39dadf70f2711a357f') in 0.006340 seconds 
  Import took 0.008780 seconds .

========================================================================
Received Import Request.
  Time since last request: 4.809114 seconds.
  path: Assets/Cursor/01.png
  artifactKey: Guid(40ade5a914c5a7c428cf1b1178cfea52) Importer(815301076,1909f56bfc062723c751e8b465ee728b)
Start importing Assets/Cursor/01.png using Guid(40ade5a914c5a7c428cf1b1178cfea52) Importer(815301076,1909f56bfc062723c751e8b465ee728b)  -> (artifact id: '8689b05e9ef87257c1e2eae3d1521f80') in 0.023105 seconds 
  Import took 0.025713 seconds .

========================================================================
Received Import Request.
  Time since last request: 0.000177 seconds.
  path: Assets/Cursor/04.png
  artifactKey: Guid(dd8e34cc84aad0d4290b4491bc63d8e8) Importer(815301076,1909f56bfc062723c751e8b465ee728b)
Start importing Assets/Cursor/04.png using Guid(dd8e34cc84aad0d4290b4491bc63d8e8) Importer(815301076,1909f56bfc062723c751e8b465ee728b)  -> (artifact id: '0334582a661158753cce433e9e62137e') in 0.008292 seconds 
  Import took 0.010257 seconds .

========================================================================
Received Import Request.
  Time since last request: 0.000163 seconds.
  path: Assets/Cursor/02.png
  artifactKey: Guid(d690ef73d45314d49ab5f55691b00632) Importer(815301076,1909f56bfc062723c751e8b465ee728b)
Start importing Assets/Cursor/02.png using Guid(d690ef73d45314d49ab5f55691b00632) Importer(815301076,1909f56bfc062723c751e8b465ee728b)  -> (artifact id: 'd112ab2b145c6dec6dc0c27f384c707b') in 0.015863 seconds 
  Import took 0.018283 seconds .

========================================================================
Received Import Request.
  Time since last request: 0.000265 seconds.
  path: Assets/Cursor/05.png
  artifactKey: Guid(b8085167adbff9b4d9c012225a956071) Importer(815301076,1909f56bfc062723c751e8b465ee728b)
Start importing Assets/Cursor/05.png using Guid(b8085167adbff9b4d9c012225a956071) Importer(815301076,1909f56bfc062723c751e8b465ee728b)  -> (artifact id: '73c9ea867b9bde944644e18f1df35821') in 0.013399 seconds 
  Import took 0.016350 seconds .

========================================================================
Received Import Request.
  Time since last request: 0.000246 seconds.
  path: Assets/Cursor/03.png
  artifactKey: Guid(df23307a38504b046a96200b01f28505) Importer(815301076,1909f56bfc062723c751e8b465ee728b)
Start importing Assets/Cursor/03.png using Guid(df23307a38504b046a96200b01f28505) Importer(815301076,1909f56bfc062723c751e8b465ee728b)  -> (artifact id: '5c45345b84b558e9f0433dc6fe9582bd') in 0.009636 seconds 
  Import took 0.012246 seconds .

========================================================================
Received Import Request.
  Time since last request: 2.846360 seconds.
  path: Assets/BrickBreaker.cs
  artifactKey: Guid(15a79e67dcc8d7848953515cd2d9fa48) Importer(815301076,1909f56bfc062723c751e8b465ee728b)
Start importing Assets/BrickBreaker.cs using Guid(15a79e67dcc8d7848953515cd2d9fa48) Importer(815301076,1909f56bfc062723c751e8b465ee728b)  -> (artifact id: '35f5203535f8022f658101bca7cc2aca') in 0.010704 seconds 
  Import took 0.013362 seconds .

AssetImportWorkerClient::OnTransportError - code=2 error=End of file
