Using pre-set license
Built from '2020.3/staging' branch; Version is '2020.3.21f1 (a38c86f6690f) revision 10718342'; Using compiler version '192528614'; Build Type 'Release'
OS: 'Windows 10 Home; OS build 19043.1288; Version 2009; 64bit' Language: 'en' Physical Memory: 32515 MB
BatchMode: 1, IsHumanControllingUs: 0, StartBugReporterOnCrash: 0, Is64bit: 1, IsPro: 0

COMMAND LINE ARGUMENTS:
C:\Program Files\Unity\Hub\Editor\2020.3.21f1\Editor\Unity.exe
-adb2
-batchMode
-noUpm
-name
AssetImportWorker0
-projectPath
D:/Fall 2021/techSeminar/UNITY/mTm_DEMO_04
-logFile
Logs/AssetImportWorker0.log
-srvPort
55956
Successfully changed project path to: D:/Fall 2021/techSeminar/UNITY/mTm_DEMO_04
D:/Fall 2021/techSeminar/UNITY/mTm_DEMO_04
Using Asset Import Pipeline V2.
Refreshing native plugins compatible for Editor in 51.02 ms, found 2 plugins.
Preloading 0 native plugins for Editor in 0.00 ms.
Initialize engine version: 2020.3.21f1 (a38c86f6690f)
[Subsystems] Discovering subsystems at path C:/Program Files/Unity/Hub/Editor/2020.3.21f1/Editor/Data/Resources/UnitySubsystems
[Subsystems] Discovering subsystems at path D:/Fall 2021/techSeminar/UNITY/mTm_DEMO_04/Assets
GfxDevice: creating device client; threaded=0
Direct3D:
    Version:  Direct3D 11.0 [level 11.1]
    Renderer: NVIDIA GeForce RTX 3080 Laptop GPU (ID=0x249c)
    Vendor:   
    VRAM:     16201 MB
    Driver:   27.21.14.6650
Initialize mono
Mono path[0] = 'C:/Program Files/Unity/Hub/Editor/2020.3.21f1/Editor/Data/Managed'
Mono path[1] = 'C:/Program Files/Unity/Hub/Editor/2020.3.21f1/Editor/Data/MonoBleedingEdge/lib/mono/unityjit'
Mono config path = 'C:/Program Files/Unity/Hub/Editor/2020.3.21f1/Editor/Data/MonoBleedingEdge/etc'
Using monoOptions --debugger-agent=transport=dt_socket,embedding=1,server=y,suspend=n,address=127.0.0.1:56236
Begin MonoManager ReloadAssembly
Registering precompiled unity dll's ...
Register platform support module: C:/Program Files/Unity/Hub/Editor/2020.3.21f1/Editor/Data/PlaybackEngines/WebGLSupport/UnityEditor.WebGL.Extensions.dll
Register platform support module: C:/Program Files/Unity/Hub/Editor/2020.3.21f1/Editor/Data/PlaybackEngines/WindowsStandaloneSupport/UnityEditor.WindowsStandalone.Extensions.dll
Registered in 0.002198 seconds.
Native extension for WindowsStandalone target not found
Native extension for WebGL target not found
Refreshing native plugins compatible for Editor in 44.54 ms, found 2 plugins.
Preloading 0 native plugins for Editor in 0.00 ms.
Mono: successfully reloaded assembly
- Completed reload, in  1.574 seconds
Domain Reload Profiling:
	ReloadAssembly (1574ms)
		BeginReloadAssembly (58ms)
			ExecutionOrderSort (0ms)
			DisableScriptedObjects (0ms)
			BackupInstance (0ms)
			ReleaseScriptingObjects (0ms)
			CreateAndSetChildDomain (1ms)
		EndReloadAssembly (386ms)
			LoadAssemblies (55ms)
			RebuildTransferFunctionScriptingTraits (0ms)
			SetupTypeCache (132ms)
			ReleaseScriptCaches (0ms)
			RebuildScriptCaches (24ms)
			SetupLoadedEditorAssemblies (149ms)
				LogAssemblyErrors (0ms)
				InitializePlatformSupportModulesInManaged (4ms)
				SetLoadedEditorAssemblies (0ms)
				RefreshPlugins (45ms)
				BeforeProcessingInitializeOnLoad (13ms)
				ProcessInitializeOnLoadAttributes (63ms)
				ProcessInitializeOnLoadMethodAttributes (24ms)
				AfterProcessingInitializeOnLoad (0ms)
				EditorAssembliesLoaded (0ms)
			ExecutionOrderSort2 (0ms)
			AwakeInstancesAfterBackupRestoration (0ms)
Platform modules already initialized, skipping
Registering precompiled user dll's ...
Registered in 0.002210 seconds.
Begin MonoManager ReloadAssembly
Native extension for WindowsStandalone target not found
Native extension for WebGL target not found
Refreshing native plugins compatible for Editor in 0.70 ms, found 2 plugins.
Preloading 0 native plugins for Editor in 0.00 ms.
Mono: successfully reloaded assembly
- Completed reload, in  0.726 seconds
Domain Reload Profiling:
	ReloadAssembly (727ms)
		BeginReloadAssembly (100ms)
			ExecutionOrderSort (0ms)
			DisableScriptedObjects (3ms)
			BackupInstance (0ms)
			ReleaseScriptingObjects (0ms)
			CreateAndSetChildDomain (15ms)
		EndReloadAssembly (583ms)
			LoadAssemblies (60ms)
			RebuildTransferFunctionScriptingTraits (0ms)
			SetupTypeCache (195ms)
			ReleaseScriptCaches (0ms)
			RebuildScriptCaches (29ms)
			SetupLoadedEditorAssemblies (236ms)
				LogAssemblyErrors (0ms)
				InitializePlatformSupportModulesInManaged (4ms)
				SetLoadedEditorAssemblies (1ms)
				RefreshPlugins (1ms)
				BeforeProcessingInitializeOnLoad (62ms)
				ProcessInitializeOnLoadAttributes (159ms)
				ProcessInitializeOnLoadMethodAttributes (6ms)
				AfterProcessingInitializeOnLoad (4ms)
				EditorAssembliesLoaded (0ms)
			ExecutionOrderSort2 (0ms)
			AwakeInstancesAfterBackupRestoration (5ms)
Platform modules already initialized, skipping
========================================================================
Worker process is ready to serve import requests
Launched and connected shader compiler UnityShaderCompiler.exe after 0.05 seconds
Refreshing native plugins compatible for Editor in 0.90 ms, found 2 plugins.
Preloading 0 native plugins for Editor in 0.00 ms.
Unloading 2036 Unused Serialized files (Serialized files now loaded: 0)
System memory in use before: 91.0 MB.
System memory in use after: 91.0 MB.

Unloading 20 unused Assets to reduce memory usage. Loaded Objects now: 2471.
Total: 5.980200 ms (FindLiveObjects: 0.320600 ms CreateObjectMapping: 0.113500 ms MarkObjects: 5.273100 ms  DeleteObjects: 0.271000 ms)

AssetImportParameters requested are different than current active one (requested -> active):
  custom:framework-win-MediaFoundation: 216162199b28c13a410421893ffa2e32 -> 
  custom:video-decoder-ogg-theora: a1e56fd34408186e4bbccfd4996cb3dc -> 
  custom:container-muxer-webm: aa71ff27fc2769a1b78a27578f13a17b -> 
  custom:container-demuxer-webm: 4f35f7cbe854078d1ac9338744f61a02 -> 
  custom:container-demuxer-ogg: 62fdf1f143b41e24485cea50d1cbac27 -> 
  custom:video-encoder-webm-vp8: eb34c28f22e8b96e1ab97ce403110664 -> 
  custom:video-decoder-webm-vp8: 9c59270c3fd7afecdb556c50c9e8de78 -> 
  custom:audio-decoder-ogg-vorbis: bf7c407c2cedff20999df2af8eb42d56 -> 
  custom:audio-encoder-webm-vorbis: bf7c407c2cedff20999df2af8eb42d56 -> 
========================================================================
Received Import Request.
  path: Assets/New Terrain.asset
  artifactKey: Guid(28286b64ac2ef3342b13d226686adf71) Importer(815301076,1909f56bfc062723c751e8b465ee728b)
Start importing Assets/New Terrain.asset using Guid(28286b64ac2ef3342b13d226686adf71) Importer(815301076,1909f56bfc062723c751e8b465ee728b)  -> (artifact id: '268867d362d956dda53873ab8adac351') in 0.042130 seconds 
  Import took 0.047010 seconds .

========================================================================
Received Import Request.
  Time since last request: 0.000316 seconds.
  path: Assets/New Material.mat
  artifactKey: Guid(7b7e8b9604da3b3419fb4881225da636) Importer(815301076,1909f56bfc062723c751e8b465ee728b)
Start importing Assets/New Material.mat using Guid(7b7e8b9604da3b3419fb4881225da636) Importer(815301076,1909f56bfc062723c751e8b465ee728b)  -> (artifact id: '2eb704099f02c838ed66bf205b6409ef') in 0.263325 seconds 
  Import took 0.267283 seconds .

========================================================================
Received Import Request.
  Time since last request: 0.000190 seconds.
  path: Assets/roof01_export_001.obj
  artifactKey: Guid(d5804788d0541974fbb6fb94a6841c85) Importer(815301076,1909f56bfc062723c751e8b465ee728b)
Start importing Assets/roof01_export_001.obj using Guid(d5804788d0541974fbb6fb94a6841c85) Importer(815301076,1909f56bfc062723c751e8b465ee728b)  -> (artifact id: '40e871c48b5b54d136918f1dfce167b5') in 0.201996 seconds 
  Import took 0.204905 seconds .

========================================================================
Received Import Request.
  Time since last request: 96.479418 seconds.
  path: Assets/Cursor
  artifactKey: Guid(2d57586ca763ef74aa0c08bb1ebb063a) Importer(815301076,1909f56bfc062723c751e8b465ee728b)
Start importing Assets/Cursor using Guid(2d57586ca763ef74aa0c08bb1ebb063a) Importer(815301076,1909f56bfc062723c751e8b465ee728b)  -> (artifact id: '4695f9a4c7c95d10fcab1fcda920dbb6') in 0.005454 seconds 
  Import took 0.008503 seconds .

========================================================================
Received Import Request.
  Time since last request: 2.808280 seconds.
  path: Assets/Cursor/01.png
  artifactKey: Guid(40ade5a914c5a7c428cf1b1178cfea52) Importer(815301076,1909f56bfc062723c751e8b465ee728b)
Start importing Assets/Cursor/01.png using Guid(40ade5a914c5a7c428cf1b1178cfea52) Importer(815301076,1909f56bfc062723c751e8b465ee728b)  -> (artifact id: 'a1eb7a32c36fe0eaa086ade20b2444b2') in 0.015371 seconds 
  Import took 0.018415 seconds .

========================================================================
Received Import Request.
  Time since last request: 0.000331 seconds.
  path: Assets/Cursor/04.png
  artifactKey: Guid(dd8e34cc84aad0d4290b4491bc63d8e8) Importer(815301076,1909f56bfc062723c751e8b465ee728b)
Start importing Assets/Cursor/04.png using Guid(dd8e34cc84aad0d4290b4491bc63d8e8) Importer(815301076,1909f56bfc062723c751e8b465ee728b)  -> (artifact id: 'acbc9ee27c9834528e454167142bf024') in 0.008070 seconds 
  Import took 0.011020 seconds .

========================================================================
Received Import Request.
  Time since last request: 0.000414 seconds.
  path: Assets/Cursor/Cursor01.png
  artifactKey: Guid(0e5b8571957d2164ab75763254ab0b10) Importer(815301076,1909f56bfc062723c751e8b465ee728b)
Start importing Assets/Cursor/Cursor01.png using Guid(0e5b8571957d2164ab75763254ab0b10) Importer(815301076,1909f56bfc062723c751e8b465ee728b)  -> (artifact id: 'd263322c7a22b09c64691b8d0338cfea') in 0.013081 seconds 
  Import took 0.016106 seconds .

========================================================================
Received Import Request.
  Time since last request: 0.000260 seconds.
  path: Assets/Cursor/02.png
  artifactKey: Guid(d690ef73d45314d49ab5f55691b00632) Importer(815301076,1909f56bfc062723c751e8b465ee728b)
Start importing Assets/Cursor/02.png using Guid(d690ef73d45314d49ab5f55691b00632) Importer(815301076,1909f56bfc062723c751e8b465ee728b)  -> (artifact id: '9f6361dccc07068871e0c465ead84d52') in 0.011527 seconds 
  Import took 0.014782 seconds .

========================================================================
Received Import Request.
  Time since last request: 0.000461 seconds.
  path: Assets/Cursor/Cursor02.png
  artifactKey: Guid(70bc839fbdba59b49b0001d4e96782be) Importer(815301076,1909f56bfc062723c751e8b465ee728b)
Start importing Assets/Cursor/Cursor02.png using Guid(70bc839fbdba59b49b0001d4e96782be) Importer(815301076,1909f56bfc062723c751e8b465ee728b)  -> (artifact id: '03acf7bce4dd202edccbb9b65abe354b') in 0.011161 seconds 
  Import took 0.014414 seconds .

========================================================================
Received Import Request.
  Time since last request: 0.000228 seconds.
  path: Assets/Cursor/05.png
  artifactKey: Guid(b8085167adbff9b4d9c012225a956071) Importer(815301076,1909f56bfc062723c751e8b465ee728b)
Start importing Assets/Cursor/05.png using Guid(b8085167adbff9b4d9c012225a956071) Importer(815301076,1909f56bfc062723c751e8b465ee728b)  -> (artifact id: 'a7b476e2fe8d985044c9c552f5ba53b8') in 0.011259 seconds 
  Import took 0.015113 seconds .

========================================================================
Received Import Request.
  Time since last request: 0.000293 seconds.
  path: Assets/Cursor/Cursor03.png
  artifactKey: Guid(433726b5eac591c43b2f21f0752a9c7e) Importer(815301076,1909f56bfc062723c751e8b465ee728b)
Start importing Assets/Cursor/Cursor03.png using Guid(433726b5eac591c43b2f21f0752a9c7e) Importer(815301076,1909f56bfc062723c751e8b465ee728b)  -> (artifact id: 'ec94aeada1392cd7922d02595eb2072b') in 0.016371 seconds 
  Import took 0.020020 seconds .

========================================================================
Received Import Request.
  Time since last request: 0.000329 seconds.
  path: Assets/Cursor/03.png
  artifactKey: Guid(df23307a38504b046a96200b01f28505) Importer(815301076,1909f56bfc062723c751e8b465ee728b)
Start importing Assets/Cursor/03.png using Guid(df23307a38504b046a96200b01f28505) Importer(815301076,1909f56bfc062723c751e8b465ee728b)  -> (artifact id: '22ed82b559c06c436779ff58748c31f6') in 0.010359 seconds 
  Import took 0.013595 seconds .

========================================================================
Received Import Request.
  Time since last request: 2.415097 seconds.
  path: Assets/Scenes/SampleScene.unity
  artifactKey: Guid(9fc0d4010bbf28b4594072e72b8655ab) Importer(815301076,1909f56bfc062723c751e8b465ee728b)
Start importing Assets/Scenes/SampleScene.unity using Guid(9fc0d4010bbf28b4594072e72b8655ab) Importer(815301076,1909f56bfc062723c751e8b465ee728b)  -> (artifact id: 'd52c26b8a9b0f3d58d19ba87a3069d2d') in 0.006873 seconds 
  Import took 0.009736 seconds .

========================================================================
Received Import Request.
  Time since last request: 0.493623 seconds.
  path: Assets/Scenes/SampleScene
  artifactKey: Guid(50062dc61b50d4d4cb3f2414997981c9) Importer(815301076,1909f56bfc062723c751e8b465ee728b)
Start importing Assets/Scenes/SampleScene using Guid(50062dc61b50d4d4cb3f2414997981c9) Importer(815301076,1909f56bfc062723c751e8b465ee728b)  -> (artifact id: '68ead9355173c910cc1cc287fc4a2c27') in 0.006116 seconds 
  Import took 0.009319 seconds .

========================================================================
Received Import Request.
  Time since last request: 0.068382 seconds.
  path: Assets/Scenes/SampleScene/NavMesh.asset
  artifactKey: Guid(aee9610d9a5a5a846b4f34527eea28b6) Importer(815301076,1909f56bfc062723c751e8b465ee728b)
Start importing Assets/Scenes/SampleScene/NavMesh.asset using Guid(aee9610d9a5a5a846b4f34527eea28b6) Importer(815301076,1909f56bfc062723c751e8b465ee728b)  -> (artifact id: '28d5ed2bfffaa33a468f2674c412ed1f') in 0.005090 seconds 
  Import took 0.007667 seconds .

========================================================================
Received Prepare
Registering precompiled user dll's ...
Registered in 0.002608 seconds.
Begin MonoManager ReloadAssembly
Native extension for WindowsStandalone target not found
Native extension for WebGL target not found
Refreshing native plugins compatible for Editor in 0.50 ms, found 2 plugins.
Preloading 0 native plugins for Editor in 0.00 ms.
Mono: successfully reloaded assembly
- Completed reload, in  0.768 seconds
Domain Reload Profiling:
	ReloadAssembly (769ms)
		BeginReloadAssembly (92ms)
			ExecutionOrderSort (0ms)
			DisableScriptedObjects (3ms)
			BackupInstance (0ms)
			ReleaseScriptingObjects (0ms)
			CreateAndSetChildDomain (29ms)
		EndReloadAssembly (628ms)
			LoadAssemblies (63ms)
			RebuildTransferFunctionScriptingTraits (0ms)
			SetupTypeCache (218ms)
			ReleaseScriptCaches (1ms)
			RebuildScriptCaches (35ms)
			SetupLoadedEditorAssemblies (237ms)
				LogAssemblyErrors (0ms)
				InitializePlatformSupportModulesInManaged (4ms)
				SetLoadedEditorAssemblies (0ms)
				RefreshPlugins (1ms)
				BeforeProcessingInitializeOnLoad (59ms)
				ProcessInitializeOnLoadAttributes (162ms)
				ProcessInitializeOnLoadMethodAttributes (6ms)
				AfterProcessingInitializeOnLoad (5ms)
				EditorAssembliesLoaded (0ms)
			ExecutionOrderSort2 (0ms)
			AwakeInstancesAfterBackupRestoration (5ms)
Platform modules already initialized, skipping
Refreshing native plugins compatible for Editor in 0.50 ms, found 2 plugins.
Preloading 0 native plugins for Editor in 0.00 ms.
Unloading 1998 Unused Serialized files (Serialized files now loaded: 0)
System memory in use before: 91.9 MB.
System memory in use after: 91.4 MB.

Unloading 17 unused Assets to reduce memory usage. Loaded Objects now: 2520.
Total: 2.677100 ms (FindLiveObjects: 0.130500 ms CreateObjectMapping: 0.030300 ms MarkObjects: 2.194900 ms  DeleteObjects: 0.320400 ms)

AssetImportParameters requested are different than current active one (requested -> active):
  custom:framework-win-MediaFoundation: 216162199b28c13a410421893ffa2e32 -> 
  custom:video-decoder-ogg-theora: a1e56fd34408186e4bbccfd4996cb3dc -> 
  custom:container-muxer-webm: aa71ff27fc2769a1b78a27578f13a17b -> 
  custom:container-demuxer-webm: 4f35f7cbe854078d1ac9338744f61a02 -> 
  custom:container-demuxer-ogg: 62fdf1f143b41e24485cea50d1cbac27 -> 
  custom:video-encoder-webm-vp8: eb34c28f22e8b96e1ab97ce403110664 -> 
  custom:video-decoder-webm-vp8: 9c59270c3fd7afecdb556c50c9e8de78 -> 
  custom:audio-decoder-ogg-vorbis: bf7c407c2cedff20999df2af8eb42d56 -> 
  custom:audio-encoder-webm-vorbis: bf7c407c2cedff20999df2af8eb42d56 -> 
========================================================================
Received Prepare
Registering precompiled user dll's ...
Registered in 0.002507 seconds.
Begin MonoManager ReloadAssembly
Native extension for WindowsStandalone target not found
Native extension for WebGL target not found
Refreshing native plugins compatible for Editor in 0.62 ms, found 2 plugins.
Preloading 0 native plugins for Editor in 0.00 ms.
Mono: successfully reloaded assembly
- Completed reload, in  0.753 seconds
Domain Reload Profiling:
	ReloadAssembly (753ms)
		BeginReloadAssembly (96ms)
			ExecutionOrderSort (0ms)
			DisableScriptedObjects (3ms)
			BackupInstance (0ms)
			ReleaseScriptingObjects (0ms)
			CreateAndSetChildDomain (32ms)
		EndReloadAssembly (613ms)
			LoadAssemblies (69ms)
			RebuildTransferFunctionScriptingTraits (0ms)
			SetupTypeCache (211ms)
			ReleaseScriptCaches (1ms)
			RebuildScriptCaches (26ms)
			SetupLoadedEditorAssemblies (234ms)
				LogAssemblyErrors (0ms)
				InitializePlatformSupportModulesInManaged (6ms)
				SetLoadedEditorAssemblies (0ms)
				RefreshPlugins (1ms)
				BeforeProcessingInitializeOnLoad (64ms)
				ProcessInitializeOnLoadAttributes (153ms)
				ProcessInitializeOnLoadMethodAttributes (6ms)
				AfterProcessingInitializeOnLoad (4ms)
				EditorAssembliesLoaded (0ms)
			ExecutionOrderSort2 (0ms)
			AwakeInstancesAfterBackupRestoration (5ms)
Platform modules already initialized, skipping
Refreshing native plugins compatible for Editor in 0.60 ms, found 2 plugins.
Preloading 0 native plugins for Editor in 0.00 ms.
Unloading 1998 Unused Serialized files (Serialized files now loaded: 0)
System memory in use before: 91.4 MB.
System memory in use after: 91.5 MB.

Unloading 15 unused Assets to reduce memory usage. Loaded Objects now: 2522.
Total: 2.835000 ms (FindLiveObjects: 0.152200 ms CreateObjectMapping: 0.033600 ms MarkObjects: 2.560000 ms  DeleteObjects: 0.088300 ms)

AssetImportParameters requested are different than current active one (requested -> active):
  custom:framework-win-MediaFoundation: 216162199b28c13a410421893ffa2e32 -> 
  custom:video-decoder-ogg-theora: a1e56fd34408186e4bbccfd4996cb3dc -> 
  custom:container-muxer-webm: aa71ff27fc2769a1b78a27578f13a17b -> 
  custom:container-demuxer-webm: 4f35f7cbe854078d1ac9338744f61a02 -> 
  custom:container-demuxer-ogg: 62fdf1f143b41e24485cea50d1cbac27 -> 
  custom:video-encoder-webm-vp8: eb34c28f22e8b96e1ab97ce403110664 -> 
  custom:video-decoder-webm-vp8: 9c59270c3fd7afecdb556c50c9e8de78 -> 
  custom:audio-decoder-ogg-vorbis: bf7c407c2cedff20999df2af8eb42d56 -> 
  custom:audio-encoder-webm-vorbis: bf7c407c2cedff20999df2af8eb42d56 -> 
========================================================================
Received Prepare
Registering precompiled user dll's ...
Registered in 0.002033 seconds.
Begin MonoManager ReloadAssembly
Native extension for WindowsStandalone target not found
Native extension for WebGL target not found
Refreshing native plugins compatible for Editor in 0.65 ms, found 2 plugins.
Preloading 0 native plugins for Editor in 0.00 ms.
Mono: successfully reloaded assembly
- Completed reload, in  0.799 seconds
Domain Reload Profiling:
	ReloadAssembly (799ms)
		BeginReloadAssembly (105ms)
			ExecutionOrderSort (0ms)
			DisableScriptedObjects (4ms)
			BackupInstance (0ms)
			ReleaseScriptingObjects (0ms)
			CreateAndSetChildDomain (37ms)
		EndReloadAssembly (648ms)
			LoadAssemblies (67ms)
			RebuildTransferFunctionScriptingTraits (0ms)
			SetupTypeCache (232ms)
			ReleaseScriptCaches (1ms)
			RebuildScriptCaches (35ms)
			SetupLoadedEditorAssemblies (236ms)
				LogAssemblyErrors (0ms)
				InitializePlatformSupportModulesInManaged (5ms)
				SetLoadedEditorAssemblies (0ms)
				RefreshPlugins (1ms)
				BeforeProcessingInitializeOnLoad (62ms)
				ProcessInitializeOnLoadAttributes (157ms)
				ProcessInitializeOnLoadMethodAttributes (6ms)
				AfterProcessingInitializeOnLoad (5ms)
				EditorAssembliesLoaded (0ms)
			ExecutionOrderSort2 (0ms)
			AwakeInstancesAfterBackupRestoration (5ms)
Platform modules already initialized, skipping
Refreshing native plugins compatible for Editor in 0.59 ms, found 2 plugins.
Preloading 0 native plugins for Editor in 0.00 ms.
Unloading 1998 Unused Serialized files (Serialized files now loaded: 0)
System memory in use before: 91.4 MB.
System memory in use after: 91.5 MB.

Unloading 15 unused Assets to reduce memory usage. Loaded Objects now: 2524.
Total: 2.868000 ms (FindLiveObjects: 0.196800 ms CreateObjectMapping: 0.047800 ms MarkObjects: 2.522200 ms  DeleteObjects: 0.098500 ms)

AssetImportParameters requested are different than current active one (requested -> active):
  custom:framework-win-MediaFoundation: 216162199b28c13a410421893ffa2e32 -> 
  custom:video-decoder-ogg-theora: a1e56fd34408186e4bbccfd4996cb3dc -> 
  custom:container-muxer-webm: aa71ff27fc2769a1b78a27578f13a17b -> 
  custom:container-demuxer-webm: 4f35f7cbe854078d1ac9338744f61a02 -> 
  custom:container-demuxer-ogg: 62fdf1f143b41e24485cea50d1cbac27 -> 
  custom:video-encoder-webm-vp8: eb34c28f22e8b96e1ab97ce403110664 -> 
  custom:video-decoder-webm-vp8: 9c59270c3fd7afecdb556c50c9e8de78 -> 
  custom:audio-decoder-ogg-vorbis: bf7c407c2cedff20999df2af8eb42d56 -> 
  custom:audio-encoder-webm-vorbis: bf7c407c2cedff20999df2af8eb42d56 -> 
========================================================================
Received Prepare
Registering precompiled user dll's ...
Registered in 0.001835 seconds.
Begin MonoManager ReloadAssembly
Native extension for WindowsStandalone target not found
Native extension for WebGL target not found
Refreshing native plugins compatible for Editor in 1.08 ms, found 2 plugins.
Preloading 0 native plugins for Editor in 0.00 ms.
Mono: successfully reloaded assembly
- Completed reload, in  0.850 seconds
Domain Reload Profiling:
	ReloadAssembly (850ms)
		BeginReloadAssembly (103ms)
			ExecutionOrderSort (0ms)
			DisableScriptedObjects (3ms)
			BackupInstance (0ms)
			ReleaseScriptingObjects (0ms)
			CreateAndSetChildDomain (29ms)
		EndReloadAssembly (693ms)
			LoadAssemblies (69ms)
			RebuildTransferFunctionScriptingTraits (0ms)
			SetupTypeCache (247ms)
			ReleaseScriptCaches (1ms)
			RebuildScriptCaches (28ms)
			SetupLoadedEditorAssemblies (277ms)
				LogAssemblyErrors (0ms)
				InitializePlatformSupportModulesInManaged (9ms)
				SetLoadedEditorAssemblies (0ms)
				RefreshPlugins (1ms)
				BeforeProcessingInitializeOnLoad (82ms)
				ProcessInitializeOnLoadAttributes (174ms)
				ProcessInitializeOnLoadMethodAttributes (6ms)
				AfterProcessingInitializeOnLoad (4ms)
				EditorAssembliesLoaded (0ms)
			ExecutionOrderSort2 (0ms)
			AwakeInstancesAfterBackupRestoration (5ms)
Platform modules already initialized, skipping
Refreshing native plugins compatible for Editor in 0.78 ms, found 2 plugins.
Preloading 0 native plugins for Editor in 0.00 ms.
Unloading 1998 Unused Serialized files (Serialized files now loaded: 0)
System memory in use before: 91.5 MB.
System memory in use after: 91.5 MB.

Unloading 15 unused Assets to reduce memory usage. Loaded Objects now: 2526.
Total: 2.620100 ms (FindLiveObjects: 0.147800 ms CreateObjectMapping: 0.034200 ms MarkObjects: 2.345800 ms  DeleteObjects: 0.091200 ms)

AssetImportParameters requested are different than current active one (requested -> active):
  custom:framework-win-MediaFoundation: 216162199b28c13a410421893ffa2e32 -> 
  custom:video-decoder-ogg-theora: a1e56fd34408186e4bbccfd4996cb3dc -> 
  custom:container-muxer-webm: aa71ff27fc2769a1b78a27578f13a17b -> 
  custom:container-demuxer-webm: 4f35f7cbe854078d1ac9338744f61a02 -> 
  custom:container-demuxer-ogg: 62fdf1f143b41e24485cea50d1cbac27 -> 
  custom:video-encoder-webm-vp8: eb34c28f22e8b96e1ab97ce403110664 -> 
  custom:video-decoder-webm-vp8: 9c59270c3fd7afecdb556c50c9e8de78 -> 
  custom:audio-decoder-ogg-vorbis: bf7c407c2cedff20999df2af8eb42d56 -> 
  custom:audio-encoder-webm-vorbis: bf7c407c2cedff20999df2af8eb42d56 -> 
========================================================================
Received Prepare
Registering precompiled user dll's ...
Registered in 0.002098 seconds.
Begin MonoManager ReloadAssembly
Native extension for WindowsStandalone target not found
Native extension for WebGL target not found
Refreshing native plugins compatible for Editor in 0.50 ms, found 2 plugins.
Preloading 0 native plugins for Editor in 0.00 ms.
Mono: successfully reloaded assembly
- Completed reload, in  0.759 seconds
Domain Reload Profiling:
	ReloadAssembly (760ms)
		BeginReloadAssembly (104ms)
			ExecutionOrderSort (0ms)
			DisableScriptedObjects (3ms)
			BackupInstance (0ms)
			ReleaseScriptingObjects (0ms)
			CreateAndSetChildDomain (33ms)
		EndReloadAssembly (614ms)
			LoadAssemblies (72ms)
			RebuildTransferFunctionScriptingTraits (0ms)
			SetupTypeCache (210ms)
			ReleaseScriptCaches (1ms)
			RebuildScriptCaches (30ms)
			SetupLoadedEditorAssemblies (232ms)
				LogAssemblyErrors (0ms)
				InitializePlatformSupportModulesInManaged (4ms)
				SetLoadedEditorAssemblies (0ms)
				RefreshPlugins (1ms)
				BeforeProcessingInitializeOnLoad (64ms)
				ProcessInitializeOnLoadAttributes (151ms)
				ProcessInitializeOnLoadMethodAttributes (6ms)
				AfterProcessingInitializeOnLoad (5ms)
				EditorAssembliesLoaded (0ms)
			ExecutionOrderSort2 (0ms)
			AwakeInstancesAfterBackupRestoration (8ms)
Platform modules already initialized, skipping
Refreshing native plugins compatible for Editor in 0.56 ms, found 2 plugins.
Preloading 0 native plugins for Editor in 0.00 ms.
Unloading 1998 Unused Serialized files (Serialized files now loaded: 0)
System memory in use before: 91.5 MB.
System memory in use after: 91.5 MB.

Unloading 15 unused Assets to reduce memory usage. Loaded Objects now: 2528.
Total: 3.038800 ms (FindLiveObjects: 0.142600 ms CreateObjectMapping: 0.030000 ms MarkObjects: 2.781600 ms  DeleteObjects: 0.083800 ms)

AssetImportParameters requested are different than current active one (requested -> active):
  custom:framework-win-MediaFoundation: 216162199b28c13a410421893ffa2e32 -> 
  custom:video-decoder-ogg-theora: a1e56fd34408186e4bbccfd4996cb3dc -> 
  custom:container-muxer-webm: aa71ff27fc2769a1b78a27578f13a17b -> 
  custom:container-demuxer-webm: 4f35f7cbe854078d1ac9338744f61a02 -> 
  custom:container-demuxer-ogg: 62fdf1f143b41e24485cea50d1cbac27 -> 
  custom:video-encoder-webm-vp8: eb34c28f22e8b96e1ab97ce403110664 -> 
  custom:video-decoder-webm-vp8: 9c59270c3fd7afecdb556c50c9e8de78 -> 
  custom:audio-decoder-ogg-vorbis: bf7c407c2cedff20999df2af8eb42d56 -> 
  custom:audio-encoder-webm-vorbis: bf7c407c2cedff20999df2af8eb42d56 -> 
========================================================================
Received Prepare
Registering precompiled user dll's ...
Registered in 0.003162 seconds.
Begin MonoManager ReloadAssembly
Native extension for WindowsStandalone target not found
Native extension for WebGL target not found
Refreshing native plugins compatible for Editor in 0.71 ms, found 2 plugins.
Preloading 0 native plugins for Editor in 0.00 ms.
Mono: successfully reloaded assembly
- Completed reload, in  0.743 seconds
Domain Reload Profiling:
	ReloadAssembly (744ms)
		BeginReloadAssembly (102ms)
			ExecutionOrderSort (0ms)
			DisableScriptedObjects (3ms)
			BackupInstance (0ms)
			ReleaseScriptingObjects (0ms)
			CreateAndSetChildDomain (37ms)
		EndReloadAssembly (594ms)
			LoadAssemblies (71ms)
			RebuildTransferFunctionScriptingTraits (0ms)
			SetupTypeCache (196ms)
			ReleaseScriptCaches (1ms)
			RebuildScriptCaches (30ms)
			SetupLoadedEditorAssemblies (230ms)
				LogAssemblyErrors (0ms)
				InitializePlatformSupportModulesInManaged (5ms)
				SetLoadedEditorAssemblies (0ms)
				RefreshPlugins (1ms)
				BeforeProcessingInitializeOnLoad (66ms)
				ProcessInitializeOnLoadAttributes (147ms)
				ProcessInitializeOnLoadMethodAttributes (6ms)
				AfterProcessingInitializeOnLoad (4ms)
				EditorAssembliesLoaded (0ms)
			ExecutionOrderSort2 (0ms)
			AwakeInstancesAfterBackupRestoration (7ms)
Platform modules already initialized, skipping
Refreshing native plugins compatible for Editor in 0.57 ms, found 2 plugins.
Preloading 0 native plugins for Editor in 0.00 ms.
Unloading 1998 Unused Serialized files (Serialized files now loaded: 0)
System memory in use before: 91.5 MB.
System memory in use after: 91.5 MB.

Unloading 15 unused Assets to reduce memory usage. Loaded Objects now: 2530.
Total: 2.878200 ms (FindLiveObjects: 0.142200 ms CreateObjectMapping: 0.031700 ms MarkObjects: 2.615700 ms  DeleteObjects: 0.087000 ms)

AssetImportParameters requested are different than current active one (requested -> active):
  custom:framework-win-MediaFoundation: 216162199b28c13a410421893ffa2e32 -> 
  custom:video-decoder-ogg-theora: a1e56fd34408186e4bbccfd4996cb3dc -> 
  custom:container-muxer-webm: aa71ff27fc2769a1b78a27578f13a17b -> 
  custom:container-demuxer-webm: 4f35f7cbe854078d1ac9338744f61a02 -> 
  custom:container-demuxer-ogg: 62fdf1f143b41e24485cea50d1cbac27 -> 
  custom:video-encoder-webm-vp8: eb34c28f22e8b96e1ab97ce403110664 -> 
  custom:video-decoder-webm-vp8: 9c59270c3fd7afecdb556c50c9e8de78 -> 
  custom:audio-decoder-ogg-vorbis: bf7c407c2cedff20999df2af8eb42d56 -> 
  custom:audio-encoder-webm-vorbis: bf7c407c2cedff20999df2af8eb42d56 -> 
========================================================================
Received Prepare
Registering precompiled user dll's ...
Registered in 0.002116 seconds.
Begin MonoManager ReloadAssembly
Native extension for WindowsStandalone target not found
Native extension for WebGL target not found
Refreshing native plugins compatible for Editor in 0.62 ms, found 2 plugins.
Preloading 0 native plugins for Editor in 0.00 ms.
Mono: successfully reloaded assembly
- Completed reload, in  0.902 seconds
Domain Reload Profiling:
	ReloadAssembly (902ms)
		BeginReloadAssembly (128ms)
			ExecutionOrderSort (0ms)
			DisableScriptedObjects (3ms)
			BackupInstance (0ms)
			ReleaseScriptingObjects (0ms)
			CreateAndSetChildDomain (33ms)
		EndReloadAssembly (722ms)
			LoadAssemblies (90ms)
			RebuildTransferFunctionScriptingTraits (0ms)
			SetupTypeCache (259ms)
			ReleaseScriptCaches (2ms)
			RebuildScriptCaches (34ms)
			SetupLoadedEditorAssemblies (276ms)
				LogAssemblyErrors (0ms)
				InitializePlatformSupportModulesInManaged (5ms)
				SetLoadedEditorAssemblies (0ms)
				RefreshPlugins (1ms)
				BeforeProcessingInitializeOnLoad (66ms)
				ProcessInitializeOnLoadAttributes (191ms)
				ProcessInitializeOnLoadMethodAttributes (8ms)
				AfterProcessingInitializeOnLoad (5ms)
				EditorAssembliesLoaded (0ms)
			ExecutionOrderSort2 (0ms)
			AwakeInstancesAfterBackupRestoration (6ms)
Platform modules already initialized, skipping
Refreshing native plugins compatible for Editor in 0.79 ms, found 2 plugins.
Preloading 0 native plugins for Editor in 0.00 ms.
Unloading 1998 Unused Serialized files (Serialized files now loaded: 0)
System memory in use before: 91.5 MB.
System memory in use after: 91.6 MB.

Unloading 15 unused Assets to reduce memory usage. Loaded Objects now: 2532.
Total: 4.507200 ms (FindLiveObjects: 0.322800 ms CreateObjectMapping: 0.114600 ms MarkObjects: 3.927300 ms  DeleteObjects: 0.140400 ms)

AssetImportParameters requested are different than current active one (requested -> active):
  custom:framework-win-MediaFoundation: 216162199b28c13a410421893ffa2e32 -> 
  custom:video-decoder-ogg-theora: a1e56fd34408186e4bbccfd4996cb3dc -> 
  custom:container-muxer-webm: aa71ff27fc2769a1b78a27578f13a17b -> 
  custom:container-demuxer-webm: 4f35f7cbe854078d1ac9338744f61a02 -> 
  custom:container-demuxer-ogg: 62fdf1f143b41e24485cea50d1cbac27 -> 
  custom:video-encoder-webm-vp8: eb34c28f22e8b96e1ab97ce403110664 -> 
  custom:video-decoder-webm-vp8: 9c59270c3fd7afecdb556c50c9e8de78 -> 
  custom:audio-decoder-ogg-vorbis: bf7c407c2cedff20999df2af8eb42d56 -> 
  custom:audio-encoder-webm-vorbis: bf7c407c2cedff20999df2af8eb42d56 -> 
========================================================================
Received Import Request.
  Time since last request: 11566.023018 seconds.
  path: Assets/Materials/Ground.mat
  artifactKey: Guid(6d2f5b02b8ff75e4aa6ac779ba4f9aa0) Importer(815301076,1909f56bfc062723c751e8b465ee728b)
Start importing Assets/Materials/Ground.mat using Guid(6d2f5b02b8ff75e4aa6ac779ba4f9aa0) Importer(815301076,1909f56bfc062723c751e8b465ee728b)  -> (artifact id: '588d9868f799c7d93fb1da58287866ee') in 0.068653 seconds 
  Import took 0.073035 seconds .

========================================================================
Received Import Request.
  Time since last request: 0.000253 seconds.
  path: Assets/Materials/Water.mat
  artifactKey: Guid(c398876e50de9bf42a660bbdd8298215) Importer(815301076,1909f56bfc062723c751e8b465ee728b)
Start importing Assets/Materials/Water.mat using Guid(c398876e50de9bf42a660bbdd8298215) Importer(815301076,1909f56bfc062723c751e8b465ee728b)  -> (artifact id: '2d860250a8a15b32912b8362f6520957') in 0.013318 seconds 
  Import took 0.016518 seconds .

========================================================================
Received Import Request.
  Time since last request: 0.542796 seconds.
  path: Assets/Prefabs/GameObject (1).prefab
  artifactKey: Guid(dd30faabebc53c14cb110feace169ee4) Importer(815301076,1909f56bfc062723c751e8b465ee728b)
Start importing Assets/Prefabs/GameObject (1).prefab using Guid(dd30faabebc53c14cb110feace169ee4) Importer(815301076,1909f56bfc062723c751e8b465ee728b)  -> (artifact id: 'a11d8f5022f61dc067d5d52aa65dbbb0') in 0.029620 seconds 
  Import took 0.032999 seconds .

========================================================================
Received Import Request.
  Time since last request: 1.437441 seconds.
  path: Assets/Scripts/LetCubeFly.cs
  artifactKey: Guid(ed91cc73eca754e4096e99ccd20f83bf) Importer(815301076,1909f56bfc062723c751e8b465ee728b)
Start importing Assets/Scripts/LetCubeFly.cs using Guid(ed91cc73eca754e4096e99ccd20f83bf) Importer(815301076,1909f56bfc062723c751e8b465ee728b)  -> (artifact id: '8301ff6470a098cf9e85f198da37488f') in 0.011662 seconds 
  Import took 0.014694 seconds .

========================================================================
Received Import Request.
  Time since last request: 0.533759 seconds.
  path: Assets/Scripts/EasyMouseManager.cs
  artifactKey: Guid(eb4a44c80e721574092f748031d57a67) Importer(815301076,1909f56bfc062723c751e8b465ee728b)
Start importing Assets/Scripts/EasyMouseManager.cs using Guid(eb4a44c80e721574092f748031d57a67) Importer(815301076,1909f56bfc062723c751e8b465ee728b)  -> (artifact id: '0b278ab440ca944b79f8e90cd5e91fad') in 0.005742 seconds 
  Import took 0.008757 seconds .

========================================================================
Received Import Request.
  Time since last request: 0.545538 seconds.
  path: Assets/Scripts/MoveToTarget.cs
  artifactKey: Guid(9700002bd185eb7499f1124d68575257) Importer(815301076,1909f56bfc062723c751e8b465ee728b)
Start importing Assets/Scripts/MoveToTarget.cs using Guid(9700002bd185eb7499f1124d68575257) Importer(815301076,1909f56bfc062723c751e8b465ee728b)  -> (artifact id: '5233790e3c5c72034686cde460c00949') in 0.005102 seconds 
  Import took 0.007660 seconds .

========================================================================
Received Import Request.
  Time since last request: 0.656990 seconds.
  path: Assets/Scripts/RoofFlyer.cs
  artifactKey: Guid(9d9840f7a53de8c4d8f04d1729bc7ea0) Importer(815301076,1909f56bfc062723c751e8b465ee728b)
Start importing Assets/Scripts/RoofFlyer.cs using Guid(9d9840f7a53de8c4d8f04d1729bc7ea0) Importer(815301076,1909f56bfc062723c751e8b465ee728b)  -> (artifact id: '5e8eaf078f31693c7f667c3640ec97d2') in 0.005284 seconds 
  Import took 0.008039 seconds .

========================================================================
Received Import Request.
  Time since last request: 3.010447 seconds.
  path: Assets/Scripts/ZhongShenGuiWei.cs
  artifactKey: Guid(f81b34d9995897b47aebee2ff29f8159) Importer(815301076,1909f56bfc062723c751e8b465ee728b)
Start importing Assets/Scripts/ZhongShenGuiWei.cs using Guid(f81b34d9995897b47aebee2ff29f8159) Importer(815301076,1909f56bfc062723c751e8b465ee728b)  -> (artifact id: '402ba6abd8119bfbb93bd48f6af41899') in 0.005255 seconds 
  Import took 0.008934 seconds .

========================================================================
Received Prepare
Registering precompiled user dll's ...
Registered in 0.002068 seconds.
Begin MonoManager ReloadAssembly
Native extension for WindowsStandalone target not found
Native extension for WebGL target not found
Refreshing native plugins compatible for Editor in 0.58 ms, found 2 plugins.
Preloading 0 native plugins for Editor in 0.00 ms.
Mono: successfully reloaded assembly
- Completed reload, in  0.759 seconds
Domain Reload Profiling:
	ReloadAssembly (759ms)
		BeginReloadAssembly (102ms)
			ExecutionOrderSort (0ms)
			DisableScriptedObjects (2ms)
			BackupInstance (0ms)
			ReleaseScriptingObjects (0ms)
			CreateAndSetChildDomain (30ms)
		EndReloadAssembly (614ms)
			LoadAssemblies (63ms)
			RebuildTransferFunctionScriptingTraits (0ms)
			SetupTypeCache (193ms)
			ReleaseScriptCaches (1ms)
			RebuildScriptCaches (27ms)
			SetupLoadedEditorAssemblies (274ms)
				LogAssemblyErrors (0ms)
				InitializePlatformSupportModulesInManaged (4ms)
				SetLoadedEditorAssemblies (0ms)
				RefreshPlugins (1ms)
				BeforeProcessingInitializeOnLoad (63ms)
				ProcessInitializeOnLoadAttributes (194ms)
				ProcessInitializeOnLoadMethodAttributes (7ms)
				AfterProcessingInitializeOnLoad (4ms)
				EditorAssembliesLoaded (0ms)
			ExecutionOrderSort2 (0ms)
			AwakeInstancesAfterBackupRestoration (5ms)
Platform modules already initialized, skipping
Refreshing native plugins compatible for Editor in 0.49 ms, found 2 plugins.
Preloading 0 native plugins for Editor in 0.00 ms.
Unloading 1998 Unused Serialized files (Serialized files now loaded: 0)
System memory in use before: 91.6 MB.
System memory in use after: 91.7 MB.

Unloading 15 unused Assets to reduce memory usage. Loaded Objects now: 2535.
Total: 2.433400 ms (FindLiveObjects: 0.133700 ms CreateObjectMapping: 0.032200 ms MarkObjects: 2.200500 ms  DeleteObjects: 0.066200 ms)

AssetImportParameters requested are different than current active one (requested -> active):
  custom:framework-win-MediaFoundation: 216162199b28c13a410421893ffa2e32 -> 
  custom:video-decoder-ogg-theora: a1e56fd34408186e4bbccfd4996cb3dc -> 
  custom:container-muxer-webm: aa71ff27fc2769a1b78a27578f13a17b -> 
  custom:container-demuxer-webm: 4f35f7cbe854078d1ac9338744f61a02 -> 
  custom:container-demuxer-ogg: 62fdf1f143b41e24485cea50d1cbac27 -> 
  custom:video-encoder-webm-vp8: eb34c28f22e8b96e1ab97ce403110664 -> 
  custom:video-decoder-webm-vp8: 9c59270c3fd7afecdb556c50c9e8de78 -> 
  custom:audio-decoder-ogg-vorbis: bf7c407c2cedff20999df2af8eb42d56 -> 
  custom:audio-encoder-webm-vorbis: bf7c407c2cedff20999df2af8eb42d56 -> 
========================================================================
Received Import Request.
  Time since last request: 1624.586650 seconds.
  path: Assets/Imported Items/MegaPack1Lite/GreekPack1Lite/Models/Materials/Greek_Accent_Blue.mat
  artifactKey: Guid(14b7c5c31902442cf8da3306a1031635) Importer(815301076,1909f56bfc062723c751e8b465ee728b)
Start importing Assets/Imported Items/MegaPack1Lite/GreekPack1Lite/Models/Materials/Greek_Accent_Blue.mat using Guid(14b7c5c31902442cf8da3306a1031635) Importer(815301076,1909f56bfc062723c751e8b465ee728b)  -> (artifact id: 'c791e420d9dafc9edff7c7946b364f86') in 0.052510 seconds 
  Import took 0.056640 seconds .

========================================================================
Received Import Request.
  Time since last request: 0.000463 seconds.
  path: Assets/Imported Items/MegaPack1Lite/GreekPack1Lite/Models/Materials/Greek_Combined.mat
  artifactKey: Guid(8b50f67be3a834a159d88ecc0944f46b) Importer(815301076,1909f56bfc062723c751e8b465ee728b)
Start importing Assets/Imported Items/MegaPack1Lite/GreekPack1Lite/Models/Materials/Greek_Combined.mat using Guid(8b50f67be3a834a159d88ecc0944f46b) Importer(815301076,1909f56bfc062723c751e8b465ee728b)  -> (artifact id: 'fd098b47e9c26f581bbfe790f386aaf7') in 0.019398 seconds 
  Import took 0.022339 seconds .

========================================================================
Received Import Request.
  Time since last request: 0.000174 seconds.
  path: Assets/Imported Items/MegaPack1Lite/GreekPack1Lite/Models/Materials/Greek_Vase_1.mat
  artifactKey: Guid(ad416ec4307d74bfc94d2d8be55f0cd0) Importer(815301076,1909f56bfc062723c751e8b465ee728b)
Start importing Assets/Imported Items/MegaPack1Lite/GreekPack1Lite/Models/Materials/Greek_Vase_1.mat using Guid(ad416ec4307d74bfc94d2d8be55f0cd0) Importer(815301076,1909f56bfc062723c751e8b465ee728b)  -> (artifact id: '2e01b3bb5f20cd9e52170db97690a4bc') in 0.014227 seconds 
  Import took 0.017113 seconds .

========================================================================
Received Import Request.
  Time since last request: 0.000317 seconds.
  path: Assets/Imported Items/MegaPack1Lite/GreekPack1Lite/Models/Materials/Greek_Roof_2.mat
  artifactKey: Guid(a2540eb5d2d934977881a49c82bcb3e9) Importer(815301076,1909f56bfc062723c751e8b465ee728b)
Start importing Assets/Imported Items/MegaPack1Lite/GreekPack1Lite/Models/Materials/Greek_Roof_2.mat using Guid(a2540eb5d2d934977881a49c82bcb3e9) Importer(815301076,1909f56bfc062723c751e8b465ee728b)  -> (artifact id: 'cfaa395e5d976273725b0a5b88eb0e69') in 0.018791 seconds 
  Import took 0.022545 seconds .

========================================================================
Received Import Request.
  Time since last request: 0.000391 seconds.
  path: Assets/Imported Items/MegaPack1Lite/GreekPack1Lite/Models/Materials/Greek_Roof_1.mat
  artifactKey: Guid(375fd9c2084c448c093ec85db14e15dd) Importer(815301076,1909f56bfc062723c751e8b465ee728b)
Start importing Assets/Imported Items/MegaPack1Lite/GreekPack1Lite/Models/Materials/Greek_Roof_1.mat using Guid(375fd9c2084c448c093ec85db14e15dd) Importer(815301076,1909f56bfc062723c751e8b465ee728b)  -> (artifact id: '569b742588e296b0077b0f26ec1f6273') in 0.011614 seconds 
  Import took 0.014763 seconds .

========================================================================
Received Import Request.
  Time since last request: 0.000181 seconds.
  path: Assets/Imported Items/MegaPack1Lite/GreekPack1Lite/Models/Materials/Greek_Stone_4.mat
  artifactKey: Guid(35ceeb845bcaf4d399ebff0070a2de91) Importer(815301076,1909f56bfc062723c751e8b465ee728b)
Start importing Assets/Imported Items/MegaPack1Lite/GreekPack1Lite/Models/Materials/Greek_Stone_4.mat using Guid(35ceeb845bcaf4d399ebff0070a2de91) Importer(815301076,1909f56bfc062723c751e8b465ee728b)  -> (artifact id: '1e3f99466bb4dc43b34013713a041c4b') in 0.018145 seconds 
  Import took 0.021195 seconds .

========================================================================
Received Import Request.
  Time since last request: 0.000214 seconds.
  path: Assets/Imported Items/MegaPack1Lite/GreekPack1Lite/Models/Materials/Greek_Dirt_1.mat
  artifactKey: Guid(56b629314517e40929c83b1b37d23e54) Importer(815301076,1909f56bfc062723c751e8b465ee728b)
Start importing Assets/Imported Items/MegaPack1Lite/GreekPack1Lite/Models/Materials/Greek_Dirt_1.mat using Guid(56b629314517e40929c83b1b37d23e54) Importer(815301076,1909f56bfc062723c751e8b465ee728b)  -> (artifact id: '0190f2597e46cd69fe7b1c6e3f999af9') in 0.013834 seconds 
  Import took 0.016786 seconds .

========================================================================
Received Import Request.
  Time since last request: 0.000216 seconds.
  path: Assets/Imported Items/MegaPack1Lite/GreekPack1Lite/Models/Materials/Greek_Silver_1.mat
  artifactKey: Guid(2c47c88d7fcbf4ce3aa8da9f42f86898) Importer(815301076,1909f56bfc062723c751e8b465ee728b)
Start importing Assets/Imported Items/MegaPack1Lite/GreekPack1Lite/Models/Materials/Greek_Silver_1.mat using Guid(2c47c88d7fcbf4ce3aa8da9f42f86898) Importer(815301076,1909f56bfc062723c751e8b465ee728b)  -> (artifact id: '804529a04617e512a34949f6709c0dc8') in 0.020367 seconds 
  Import took 0.023412 seconds .

========================================================================
Received Import Request.
  Time since last request: 0.000215 seconds.
  path: Assets/Imported Items/MegaPack1Lite/GreekPack1Lite/Models/Materials/Greek_Bush_1.mat
  artifactKey: Guid(47beed327039b4bc89c7bfab618add20) Importer(815301076,1909f56bfc062723c751e8b465ee728b)
Start importing Assets/Imported Items/MegaPack1Lite/GreekPack1Lite/Models/Materials/Greek_Bush_1.mat using Guid(47beed327039b4bc89c7bfab618add20) Importer(815301076,1909f56bfc062723c751e8b465ee728b)  -> (artifact id: 'dd4762455be47a799557cccfe326c593') in 0.012471 seconds 
  Import took 0.015807 seconds .

========================================================================
Received Import Request.
  Time since last request: 0.000200 seconds.
  path: Assets/Imported Items/MegaPack1Lite/GreekPack1Lite/Models/Materials/Greek_Cloth_White.mat
  artifactKey: Guid(6f436851cda3044949b9866dafe155c6) Importer(815301076,1909f56bfc062723c751e8b465ee728b)
Start importing Assets/Imported Items/MegaPack1Lite/GreekPack1Lite/Models/Materials/Greek_Cloth_White.mat using Guid(6f436851cda3044949b9866dafe155c6) Importer(815301076,1909f56bfc062723c751e8b465ee728b)  -> (artifact id: 'cf614f5249164219dcd076a326935f50') in 0.021098 seconds 
  Import took 0.025279 seconds .

========================================================================
Received Import Request.
  Time since last request: 0.000273 seconds.
  path: Assets/Imported Items/MegaPack1Lite/GreekPack1Lite/Models/Materials/Greek_Stone_2.mat
  artifactKey: Guid(7c41cd8c830924aa299e46e6eef716bf) Importer(815301076,1909f56bfc062723c751e8b465ee728b)
Start importing Assets/Imported Items/MegaPack1Lite/GreekPack1Lite/Models/Materials/Greek_Stone_2.mat using Guid(7c41cd8c830924aa299e46e6eef716bf) Importer(815301076,1909f56bfc062723c751e8b465ee728b)  -> (artifact id: '5cab475cf79714fc606d4c6856fa8201') in 0.016337 seconds 
  Import took 0.019539 seconds .

========================================================================
Received Import Request.
  Time since last request: 0.000177 seconds.
  path: Assets/Imported Items/MegaPack1Lite/GreekPack1Lite/Models/Materials/Greek_Bush_2.mat
  artifactKey: Guid(4e3d41c451bc242488504495ee6658ce) Importer(815301076,1909f56bfc062723c751e8b465ee728b)
Start importing Assets/Imported Items/MegaPack1Lite/GreekPack1Lite/Models/Materials/Greek_Bush_2.mat using Guid(4e3d41c451bc242488504495ee6658ce) Importer(815301076,1909f56bfc062723c751e8b465ee728b)  -> (artifact id: '293b79a925736a326901b79b19759377') in 0.018907 seconds 
  Import took 0.021736 seconds .

========================================================================
Received Import Request.
  Time since last request: 0.000249 seconds.
  path: Assets/Imported Items/MegaPack1Lite/GreekPack1Lite/Models/Materials/Greek_Parchment.mat
  artifactKey: Guid(dfa57d59a97024ec6964c7d3d0afbaea) Importer(815301076,1909f56bfc062723c751e8b465ee728b)
Start importing Assets/Imported Items/MegaPack1Lite/GreekPack1Lite/Models/Materials/Greek_Parchment.mat using Guid(dfa57d59a97024ec6964c7d3d0afbaea) Importer(815301076,1909f56bfc062723c751e8b465ee728b)  -> (artifact id: '6f067e7d1d46953123d600a7840a6972') in 0.016471 seconds 
  Import took 0.019812 seconds .

========================================================================
Received Import Request.
  Time since last request: 0.000210 seconds.
  path: Assets/Imported Items/MegaPack1Lite/GreekPack1Lite/Models/Materials/Greek_Flower_2.mat
  artifactKey: Guid(87878a96d53344af1875eec2206275da) Importer(815301076,1909f56bfc062723c751e8b465ee728b)
Start importing Assets/Imported Items/MegaPack1Lite/GreekPack1Lite/Models/Materials/Greek_Flower_2.mat using Guid(87878a96d53344af1875eec2206275da) Importer(815301076,1909f56bfc062723c751e8b465ee728b)  -> (artifact id: '83f9c8c8210476a3abe79329e3885c24') in 0.018645 seconds 
  Import took 0.021883 seconds .

========================================================================
Received Import Request.
  Time since last request: 0.000261 seconds.
  path: Assets/Imported Items/MegaPack1Lite/GreekPack1Lite/Models/Materials/Greek_Vine_1.mat
  artifactKey: Guid(6afd25be3eebe47f0bfbc21a6637aaae) Importer(815301076,1909f56bfc062723c751e8b465ee728b)
Start importing Assets/Imported Items/MegaPack1Lite/GreekPack1Lite/Models/Materials/Greek_Vine_1.mat using Guid(6afd25be3eebe47f0bfbc21a6637aaae) Importer(815301076,1909f56bfc062723c751e8b465ee728b)  -> (artifact id: 'b0d4f6afedf2258ceab360548d39faa9') in 0.014720 seconds 
  Import took 0.017872 seconds .

========================================================================
Received Import Request.
  Time since last request: 0.000204 seconds.
  path: Assets/Imported Items/MegaPack1Lite/GreekPack1Lite/Models/Materials/Greek_Water.mat
  artifactKey: Guid(f0e758c4a7b8b41a782a0384069954b4) Importer(815301076,1909f56bfc062723c751e8b465ee728b)
Start importing Assets/Imported Items/MegaPack1Lite/GreekPack1Lite/Models/Materials/Greek_Water.mat using Guid(f0e758c4a7b8b41a782a0384069954b4) Importer(815301076,1909f56bfc062723c751e8b465ee728b)  -> (artifact id: '40cc12138ed44c42d983f95496ec70e2') in 0.019058 seconds 
  Import took 0.022913 seconds .

========================================================================
Received Import Request.
  Time since last request: 0.000191 seconds.
  path: Assets/Imported Items/MegaPack1Lite/GreekPack1Lite/Models/Materials/Greek_Flower_1.mat
  artifactKey: Guid(caa72d5aff9b84502ad37484407ceca2) Importer(815301076,1909f56bfc062723c751e8b465ee728b)
Start importing Assets/Imported Items/MegaPack1Lite/GreekPack1Lite/Models/Materials/Greek_Flower_1.mat using Guid(caa72d5aff9b84502ad37484407ceca2) Importer(815301076,1909f56bfc062723c751e8b465ee728b)  -> (artifact id: '7df5b425cbc881ad02240805f1030753') in 0.015664 seconds 
  Import took 0.019340 seconds .

========================================================================
Received Import Request.
  Time since last request: 0.000277 seconds.
  path: Assets/Imported Items/MegaPack1Lite/GreekPack1Lite/Models/Materials/Greek_Stone_5.mat
  artifactKey: Guid(257dfd3a2570d46ef994063289de7684) Importer(815301076,1909f56bfc062723c751e8b465ee728b)
Start importing Assets/Imported Items/MegaPack1Lite/GreekPack1Lite/Models/Materials/Greek_Stone_5.mat using Guid(257dfd3a2570d46ef994063289de7684) Importer(815301076,1909f56bfc062723c751e8b465ee728b)  -> (artifact id: 'f343569e06450bc7607972128e616fce') in 0.012477 seconds 
  Import took 0.016519 seconds .

========================================================================
Received Import Request.
  Time since last request: 0.000291 seconds.
  path: Assets/Imported Items/MegaPack1Lite/GreekPack1Lite/Models/Materials/Greek_Tree_1.mat
  artifactKey: Guid(847f9c8503e5246caa8d64722a7f945d) Importer(815301076,1909f56bfc062723c751e8b465ee728b)
Start importing Assets/Imported Items/MegaPack1Lite/GreekPack1Lite/Models/Materials/Greek_Tree_1.mat using Guid(847f9c8503e5246caa8d64722a7f945d) Importer(815301076,1909f56bfc062723c751e8b465ee728b)  -> (artifact id: '8bb1adc33db3770fde8260e353513a32') in 0.011210 seconds 
  Import took 0.015241 seconds .

========================================================================
Received Import Request.
  Time since last request: 0.000197 seconds.
  path: Assets/Imported Items/MegaPack1Lite/GreekPack1Lite/Models/Materials/Greek_Wood_1.mat
  artifactKey: Guid(ac434d30fa0fd41a6a0a4d1ce678be54) Importer(815301076,1909f56bfc062723c751e8b465ee728b)
Start importing Assets/Imported Items/MegaPack1Lite/GreekPack1Lite/Models/Materials/Greek_Wood_1.mat using Guid(ac434d30fa0fd41a6a0a4d1ce678be54) Importer(815301076,1909f56bfc062723c751e8b465ee728b)  -> (artifact id: 'e5dde6a1148a63da044773b985dfe4b9') in 0.012724 seconds 
  Import took 0.016255 seconds .

========================================================================
Received Import Request.
  Time since last request: 0.000192 seconds.
  path: Assets/Imported Items/MegaPack1Lite/GreekPack1Lite/Models/Materials/Greek_Bark_1.mat
  artifactKey: Guid(bf87c698a6d9f4a00a9c23a1a302c39f) Importer(815301076,1909f56bfc062723c751e8b465ee728b)
Start importing Assets/Imported Items/MegaPack1Lite/GreekPack1Lite/Models/Materials/Greek_Bark_1.mat using Guid(bf87c698a6d9f4a00a9c23a1a302c39f) Importer(815301076,1909f56bfc062723c751e8b465ee728b)  -> (artifact id: '97e4435821c58ce4aa513a3315d99228') in 0.013407 seconds 
  Import took 0.017860 seconds .

========================================================================
Received Import Request.
  Time since last request: 0.000283 seconds.
  path: Assets/Imported Items/MegaPack1Lite/GreekPack1Lite/Models/Materials/Greek_Bronze_1.mat
  artifactKey: Guid(cb01d9936a28e42caab84a5e9e68ac4f) Importer(815301076,1909f56bfc062723c751e8b465ee728b)
Start importing Assets/Imported Items/MegaPack1Lite/GreekPack1Lite/Models/Materials/Greek_Bronze_1.mat using Guid(cb01d9936a28e42caab84a5e9e68ac4f) Importer(815301076,1909f56bfc062723c751e8b465ee728b)  -> (artifact id: '12004b2ab84d82e011289d30621cb30a') in 0.013468 seconds 
  Import took 0.018002 seconds .

========================================================================
Received Import Request.
  Time since last request: 0.000369 seconds.
  path: Assets/Imported Items/MegaPack1Lite/GreekPack1Lite/Models/Materials/Greek_Grass_1.mat
  artifactKey: Guid(e33a6ab228fd84f23b3684a158de11b4) Importer(815301076,1909f56bfc062723c751e8b465ee728b)
Start importing Assets/Imported Items/MegaPack1Lite/GreekPack1Lite/Models/Materials/Greek_Grass_1.mat using Guid(e33a6ab228fd84f23b3684a158de11b4) Importer(815301076,1909f56bfc062723c751e8b465ee728b)  -> (artifact id: 'e66a42e076352c59ce52ba86c2d33687') in 0.012605 seconds 
  Import took 0.017082 seconds .

========================================================================
Received Import Request.
  Time since last request: 0.000452 seconds.
  path: Assets/Imported Items/MegaPack1Lite/GreekPack1Lite/Models/Materials/Greek_Accent_Orange.mat
  artifactKey: Guid(53a9aa258f56c43cb9a8c17e13ed85b5) Importer(815301076,1909f56bfc062723c751e8b465ee728b)
Start importing Assets/Imported Items/MegaPack1Lite/GreekPack1Lite/Models/Materials/Greek_Accent_Orange.mat using Guid(53a9aa258f56c43cb9a8c17e13ed85b5) Importer(815301076,1909f56bfc062723c751e8b465ee728b)  -> (artifact id: '08ba594a4c83332d04ff43346fb53bc3') in 0.012899 seconds 
  Import took 0.016834 seconds .

========================================================================
Received Import Request.
  Time since last request: 0.000286 seconds.
  path: Assets/Imported Items/MegaPack1Lite/GreekPack1Lite/Models/Materials/Greek_Vase_2.mat
  artifactKey: Guid(9bf520b8d7962492ab625159d7ccec2d) Importer(815301076,1909f56bfc062723c751e8b465ee728b)
Start importing Assets/Imported Items/MegaPack1Lite/GreekPack1Lite/Models/Materials/Greek_Vase_2.mat using Guid(9bf520b8d7962492ab625159d7ccec2d) Importer(815301076,1909f56bfc062723c751e8b465ee728b)  -> (artifact id: 'baef909e60c181e1dfb058eb619e52e5') in 0.011857 seconds 
  Import took 0.015700 seconds .

========================================================================
Received Import Request.
  Time since last request: 0.000507 seconds.
  path: Assets/Imported Items/MegaPack1Lite/GreekPack1Lite/Models/Materials/Greek_Stone_3.mat
  artifactKey: Guid(dd8a00cf6e7fc44d2b98129521fec2f7) Importer(815301076,1909f56bfc062723c751e8b465ee728b)
Start importing Assets/Imported Items/MegaPack1Lite/GreekPack1Lite/Models/Materials/Greek_Stone_3.mat using Guid(dd8a00cf6e7fc44d2b98129521fec2f7) Importer(815301076,1909f56bfc062723c751e8b465ee728b)  -> (artifact id: '8e96ea073c51cde591f922c111fe9259') in 0.012781 seconds 
  Import took 0.016219 seconds .

========================================================================
Received Import Request.
  Time since last request: 0.000261 seconds.
  path: Assets/Imported Items/MegaPack1Lite/GreekPack1Lite/Models/Materials/Greek_Cloth_Blue.mat
  artifactKey: Guid(a6f26a496099548c29adb9c535437a1c) Importer(815301076,1909f56bfc062723c751e8b465ee728b)
Start importing Assets/Imported Items/MegaPack1Lite/GreekPack1Lite/Models/Materials/Greek_Cloth_Blue.mat using Guid(a6f26a496099548c29adb9c535437a1c) Importer(815301076,1909f56bfc062723c751e8b465ee728b)  -> (artifact id: '4f8a3eb47340e7109a58a2a7483f4e39') in 0.010451 seconds 
  Import took 0.013928 seconds .

========================================================================
Received Import Request.
  Time since last request: 0.000278 seconds.
  path: Assets/Imported Items/MegaPack1Lite/GreekPack1Lite/Models/Materials/Greek_Flower_3.mat
  artifactKey: Guid(523124601af35487bb57d52f9fe68f10) Importer(815301076,1909f56bfc062723c751e8b465ee728b)
Start importing Assets/Imported Items/MegaPack1Lite/GreekPack1Lite/Models/Materials/Greek_Flower_3.mat using Guid(523124601af35487bb57d52f9fe68f10) Importer(815301076,1909f56bfc062723c751e8b465ee728b)  -> (artifact id: '1d2998c9e75903d950bb832f9349ab59') in 0.011009 seconds 
  Import took 0.014669 seconds .

========================================================================
Received Import Request.
  Time since last request: 0.000195 seconds.
  path: Assets/Imported Items/MegaPack1Lite/GreekPack1Lite/Models/Materials/Greek_Stone_7.mat
  artifactKey: Guid(601a0eae310ab4cd99ec3bdae1fbd0a8) Importer(815301076,1909f56bfc062723c751e8b465ee728b)
Start importing Assets/Imported Items/MegaPack1Lite/GreekPack1Lite/Models/Materials/Greek_Stone_7.mat using Guid(601a0eae310ab4cd99ec3bdae1fbd0a8) Importer(815301076,1909f56bfc062723c751e8b465ee728b)  -> (artifact id: '234b4b392d724d912435327ff9096881') in 0.014196 seconds 
  Import took 0.017865 seconds .

========================================================================
Received Import Request.
  Time since last request: 0.000555 seconds.
  path: Assets/Imported Items/MegaPack1Lite/GreekPack1Lite/Models/Materials/Greek_Roof_3.mat
  artifactKey: Guid(ca59fee446bd942daac49a9162b671fe) Importer(815301076,1909f56bfc062723c751e8b465ee728b)
Start importing Assets/Imported Items/MegaPack1Lite/GreekPack1Lite/Models/Materials/Greek_Roof_3.mat using Guid(ca59fee446bd942daac49a9162b671fe) Importer(815301076,1909f56bfc062723c751e8b465ee728b)  -> (artifact id: '515eec30cc547cca5c8bddd5b28b781d') in 0.013255 seconds 
  Import took 0.017058 seconds .

========================================================================
Received Import Request.
  Time since last request: 0.000199 seconds.
  path: Assets/Imported Items/MegaPack1Lite/GreekPack1Lite/Models/Materials/Greek_Stone_6.mat
  artifactKey: Guid(1132727fdae054c0fa6d57ba46f59636) Importer(815301076,1909f56bfc062723c751e8b465ee728b)
Start importing Assets/Imported Items/MegaPack1Lite/GreekPack1Lite/Models/Materials/Greek_Stone_6.mat using Guid(1132727fdae054c0fa6d57ba46f59636) Importer(815301076,1909f56bfc062723c751e8b465ee728b)  -> (artifact id: '1d87eb8891f074e4ae6c6a96255909d5') in 0.010020 seconds 
  Import took 0.013266 seconds .

========================================================================
Received Import Request.
  Time since last request: 8.608948 seconds.
  path: Assets/Imported Items/MegaPack1Lite/GreekPack1Lite/Models/Materials
  artifactKey: Guid(761415913e3724173bef2df9fb5aa881) Importer(815301076,1909f56bfc062723c751e8b465ee728b)
Start importing Assets/Imported Items/MegaPack1Lite/GreekPack1Lite/Models/Materials using Guid(761415913e3724173bef2df9fb5aa881) Importer(815301076,1909f56bfc062723c751e8b465ee728b)  -> (artifact id: '896361423a9bca234e024cdbfcfee204') in 0.001705 seconds 
  Import took 0.006379 seconds .

========================================================================
Received Import Request.
  Time since last request: 14.200864 seconds.
  path: Assets/Imported Items/MegaPack1Lite/GreekPack1Lite/Models/Materials/TRANSPARENT.mat
  artifactKey: Guid(039de22d94a7bde4b98cf0a9998eb1ef) Importer(815301076,1909f56bfc062723c751e8b465ee728b)
Start importing Assets/Imported Items/MegaPack1Lite/GreekPack1Lite/Models/Materials/TRANSPARENT.mat using Guid(039de22d94a7bde4b98cf0a9998eb1ef) Importer(815301076,1909f56bfc062723c751e8b465ee728b)  -> (artifact id: 'd22e754843c9a062f06a9468fa4b5147') in 0.013398 seconds 
  Import took 0.017253 seconds .

========================================================================
Received Import Request.
  Time since last request: 45.289735 seconds.
  path: Assets/Imported Items/Low Poly Graveyard/Models/BigTomb2.FBX
  artifactKey: Guid(dab64ad3e16e8d942b56af5f95a96140) Importer(815301076,1909f56bfc062723c751e8b465ee728b)
Start importing Assets/Imported Items/Low Poly Graveyard/Models/BigTomb2.FBX using Guid(dab64ad3e16e8d942b56af5f95a96140) Importer(815301076,1909f56bfc062723c751e8b465ee728b)  -> (artifact id: '7fddcb67adf688e36ccdd6ffa0fc1efa') in 0.043588 seconds 
  Import took 0.046805 seconds .

========================================================================
Received Import Request.
  Time since last request: 0.000201 seconds.
  path: Assets/Imported Items/MegaPack1Lite/TropicalIslandPack1/Models/Materials/BlueFlower.mat
  artifactKey: Guid(3cf8b3c58d6e2469597bcc05a012e476) Importer(815301076,1909f56bfc062723c751e8b465ee728b)
Start importing Assets/Imported Items/MegaPack1Lite/TropicalIslandPack1/Models/Materials/BlueFlower.mat using Guid(3cf8b3c58d6e2469597bcc05a012e476) Importer(815301076,1909f56bfc062723c751e8b465ee728b)  -> (artifact id: '453b19f65cd4b8cdc41eb2a778e79011') in 0.011019 seconds 
  Import took 0.014071 seconds .

========================================================================
Received Import Request.
  Time since last request: 0.000188 seconds.
  path: Assets/Imported Items/Low Poly Graveyard/Models/fence.FBX
  artifactKey: Guid(7e90d28270482f043a447a5dd10de4a2) Importer(815301076,1909f56bfc062723c751e8b465ee728b)
Start importing Assets/Imported Items/Low Poly Graveyard/Models/fence.FBX using Guid(7e90d28270482f043a447a5dd10de4a2) Importer(815301076,1909f56bfc062723c751e8b465ee728b)  -> (artifact id: '8fe70ccf5a4d473d04143fc0cab95952') in 0.023384 seconds 
  Import took 0.026358 seconds .

========================================================================
Received Import Request.
  Time since last request: 0.000155 seconds.
  path: Assets/Imported Items/ExplosiveLLC/SuperCharacterController/Materials/BluePlastic.mat
  artifactKey: Guid(09238216794b460489da82f8f4464580) Importer(815301076,1909f56bfc062723c751e8b465ee728b)
Start importing Assets/Imported Items/ExplosiveLLC/SuperCharacterController/Materials/BluePlastic.mat using Guid(09238216794b460489da82f8f4464580) Importer(815301076,1909f56bfc062723c751e8b465ee728b)  -> (artifact id: 'd6409218c69cf82611ad842f4447969b') in 0.014919 seconds 
  Import took 0.017818 seconds .

========================================================================
Received Import Request.
  Time since last request: 0.000185 seconds.
  path: Assets/Imported Items/MegaPack1Lite/EnchantedForestPack1/Models/Materials/Berries1.mat
  artifactKey: Guid(71506f59c36984f16ab2e28c0423f4d9) Importer(815301076,1909f56bfc062723c751e8b465ee728b)
Start importing Assets/Imported Items/MegaPack1Lite/EnchantedForestPack1/Models/Materials/Berries1.mat using Guid(71506f59c36984f16ab2e28c0423f4d9) Importer(815301076,1909f56bfc062723c751e8b465ee728b)  -> (artifact id: '23cb1668f3239e2f73910c49c0600da2') in 0.015080 seconds 
  Import took 0.019774 seconds .

========================================================================
Received Import Request.
  Time since last request: 0.001746 seconds.
  path: Assets/Imported Items/Low Poly Graveyard/Models/BigTomb.FBX
  artifactKey: Guid(063116c25d480f24087ab73b47ce40d0) Importer(815301076,1909f56bfc062723c751e8b465ee728b)
Start importing Assets/Imported Items/Low Poly Graveyard/Models/BigTomb.FBX using Guid(063116c25d480f24087ab73b47ce40d0) Importer(815301076,1909f56bfc062723c751e8b465ee728b)  -> (artifact id: '7eca08908b1b402afad99fad7b8c0c38') in 0.037173 seconds 
  Import took 0.040807 seconds .

========================================================================
Received Import Request.
  Time since last request: 0.000194 seconds.
  path: Assets/Imported Items/MegaPack1Lite/ToolsAndWeapons/Models/Materials/Bronze.mat
  artifactKey: Guid(9605218e11da7416f80a4b5f55a34442) Importer(815301076,1909f56bfc062723c751e8b465ee728b)
Start importing Assets/Imported Items/MegaPack1Lite/ToolsAndWeapons/Models/Materials/Bronze.mat using Guid(9605218e11da7416f80a4b5f55a34442) Importer(815301076,1909f56bfc062723c751e8b465ee728b)  -> (artifact id: 'a2ca1674af5701f7e34299d5617f45e8') in 0.012483 seconds 
  Import took 0.015442 seconds .

========================================================================
Received Import Request.
  Time since last request: 0.000224 seconds.
  path: Assets/Imported Items/MegaPack1Lite/RomanCityPack1Lite/Models/Roman/Materials/Bronze.mat
  artifactKey: Guid(e462b64d8c3634c85b2abd779b57be13) Importer(815301076,1909f56bfc062723c751e8b465ee728b)
Start importing Assets/Imported Items/MegaPack1Lite/RomanCityPack1Lite/Models/Roman/Materials/Bronze.mat using Guid(e462b64d8c3634c85b2abd779b57be13) Importer(815301076,1909f56bfc062723c751e8b465ee728b)  -> (artifact id: '46ce85c941b874d5cae00c04c4bd5f35') in 0.024809 seconds 
  Import took 0.028092 seconds .

========================================================================
Received Prepare
Registering precompiled user dll's ...
Registered in 0.003111 seconds.
Begin MonoManager ReloadAssembly
Native extension for WindowsStandalone target not found
Native extension for WebGL target not found
Refreshing native plugins compatible for Editor in 0.51 ms, found 2 plugins.
Preloading 0 native plugins for Editor in 0.00 ms.
Mono: successfully reloaded assembly
- Completed reload, in  0.679 seconds
Domain Reload Profiling:
	ReloadAssembly (680ms)
		BeginReloadAssembly (88ms)
			ExecutionOrderSort (0ms)
			DisableScriptedObjects (3ms)
			BackupInstance (0ms)
			ReleaseScriptingObjects (0ms)
			CreateAndSetChildDomain (26ms)
		EndReloadAssembly (552ms)
			LoadAssemblies (59ms)
			RebuildTransferFunctionScriptingTraits (0ms)
			SetupTypeCache (185ms)
			ReleaseScriptCaches (1ms)
			RebuildScriptCaches (30ms)
			SetupLoadedEditorAssemblies (212ms)
				LogAssemblyErrors (0ms)
				InitializePlatformSupportModulesInManaged (4ms)
				SetLoadedEditorAssemblies (0ms)
				RefreshPlugins (1ms)
				BeforeProcessingInitializeOnLoad (56ms)
				ProcessInitializeOnLoadAttributes (141ms)
				ProcessInitializeOnLoadMethodAttributes (5ms)
				AfterProcessingInitializeOnLoad (4ms)
				EditorAssembliesLoaded (0ms)
			ExecutionOrderSort2 (0ms)
			AwakeInstancesAfterBackupRestoration (4ms)
Platform modules already initialized, skipping
Refreshing native plugins compatible for Editor in 0.53 ms, found 2 plugins.
Preloading 0 native plugins for Editor in 0.00 ms.
Unloading 1998 Unused Serialized files (Serialized files now loaded: 0)
System memory in use before: 91.7 MB.
System memory in use after: 91.8 MB.

Unloading 15 unused Assets to reduce memory usage. Loaded Objects now: 2538.
Total: 2.488800 ms (FindLiveObjects: 0.145600 ms CreateObjectMapping: 0.031200 ms MarkObjects: 2.225900 ms  DeleteObjects: 0.084700 ms)

AssetImportParameters requested are different than current active one (requested -> active):
  custom:framework-win-MediaFoundation: 216162199b28c13a410421893ffa2e32 -> 
  custom:video-decoder-ogg-theora: a1e56fd34408186e4bbccfd4996cb3dc -> 
  custom:container-muxer-webm: aa71ff27fc2769a1b78a27578f13a17b -> 
  custom:container-demuxer-webm: 4f35f7cbe854078d1ac9338744f61a02 -> 
  custom:container-demuxer-ogg: 62fdf1f143b41e24485cea50d1cbac27 -> 
  custom:video-encoder-webm-vp8: eb34c28f22e8b96e1ab97ce403110664 -> 
  custom:video-decoder-webm-vp8: 9c59270c3fd7afecdb556c50c9e8de78 -> 
  custom:audio-decoder-ogg-vorbis: bf7c407c2cedff20999df2af8eb42d56 -> 
  custom:audio-encoder-webm-vorbis: bf7c407c2cedff20999df2af8eb42d56 -> 
========================================================================
Received Prepare
Registering precompiled user dll's ...
Registered in 0.001705 seconds.
Begin MonoManager ReloadAssembly
Native extension for WindowsStandalone target not found
Native extension for WebGL target not found
Refreshing native plugins compatible for Editor in 0.51 ms, found 2 plugins.
Preloading 0 native plugins for Editor in 0.00 ms.
Mono: successfully reloaded assembly
- Completed reload, in  0.763 seconds
Domain Reload Profiling:
	ReloadAssembly (763ms)
		BeginReloadAssembly (96ms)
			ExecutionOrderSort (0ms)
			DisableScriptedObjects (3ms)
			BackupInstance (0ms)
			ReleaseScriptingObjects (0ms)
			CreateAndSetChildDomain (28ms)
		EndReloadAssembly (616ms)
			LoadAssemblies (72ms)
			RebuildTransferFunctionScriptingTraits (0ms)
			SetupTypeCache (223ms)
			ReleaseScriptCaches (1ms)
			RebuildScriptCaches (35ms)
			SetupLoadedEditorAssemblies (226ms)
				LogAssemblyErrors (0ms)
				InitializePlatformSupportModulesInManaged (4ms)
				SetLoadedEditorAssemblies (0ms)
				RefreshPlugins (1ms)
				BeforeProcessingInitializeOnLoad (61ms)
				ProcessInitializeOnLoadAttributes (150ms)
				ProcessInitializeOnLoadMethodAttributes (5ms)
				AfterProcessingInitializeOnLoad (4ms)
				EditorAssembliesLoaded (0ms)
			ExecutionOrderSort2 (0ms)
			AwakeInstancesAfterBackupRestoration (4ms)
Platform modules already initialized, skipping
Refreshing native plugins compatible for Editor in 0.60 ms, found 2 plugins.
Preloading 0 native plugins for Editor in 0.00 ms.
Unloading 1998 Unused Serialized files (Serialized files now loaded: 0)
System memory in use before: 91.7 MB.
System memory in use after: 91.8 MB.

Unloading 15 unused Assets to reduce memory usage. Loaded Objects now: 2540.
Total: 2.618700 ms (FindLiveObjects: 0.190000 ms CreateObjectMapping: 0.065800 ms MarkObjects: 2.285000 ms  DeleteObjects: 0.076500 ms)

AssetImportParameters requested are different than current active one (requested -> active):
  custom:framework-win-MediaFoundation: 216162199b28c13a410421893ffa2e32 -> 
  custom:video-decoder-ogg-theora: a1e56fd34408186e4bbccfd4996cb3dc -> 
  custom:container-muxer-webm: aa71ff27fc2769a1b78a27578f13a17b -> 
  custom:container-demuxer-webm: 4f35f7cbe854078d1ac9338744f61a02 -> 
  custom:container-demuxer-ogg: 62fdf1f143b41e24485cea50d1cbac27 -> 
  custom:video-encoder-webm-vp8: eb34c28f22e8b96e1ab97ce403110664 -> 
  custom:video-decoder-webm-vp8: 9c59270c3fd7afecdb556c50c9e8de78 -> 
  custom:audio-decoder-ogg-vorbis: bf7c407c2cedff20999df2af8eb42d56 -> 
  custom:audio-encoder-webm-vorbis: bf7c407c2cedff20999df2af8eb42d56 -> 
========================================================================
Received Prepare
Registering precompiled user dll's ...
Registered in 0.001633 seconds.
Begin MonoManager ReloadAssembly
Native extension for WindowsStandalone target not found
Native extension for WebGL target not found
Refreshing native plugins compatible for Editor in 0.48 ms, found 2 plugins.
Preloading 0 native plugins for Editor in 0.00 ms.
Mono: successfully reloaded assembly
- Completed reload, in  0.640 seconds
Domain Reload Profiling:
	ReloadAssembly (640ms)
		BeginReloadAssembly (85ms)
			ExecutionOrderSort (0ms)
			DisableScriptedObjects (3ms)
			BackupInstance (0ms)
			ReleaseScriptingObjects (0ms)
			CreateAndSetChildDomain (24ms)
		EndReloadAssembly (515ms)
			LoadAssemblies (57ms)
			RebuildTransferFunctionScriptingTraits (0ms)
			SetupTypeCache (175ms)
			ReleaseScriptCaches (1ms)
			RebuildScriptCaches (25ms)
			SetupLoadedEditorAssemblies (200ms)
				LogAssemblyErrors (0ms)
				InitializePlatformSupportModulesInManaged (4ms)
				SetLoadedEditorAssemblies (0ms)
				RefreshPlugins (1ms)
				BeforeProcessingInitializeOnLoad (51ms)
				ProcessInitializeOnLoadAttributes (136ms)
				ProcessInitializeOnLoadMethodAttributes (5ms)
				AfterProcessingInitializeOnLoad (4ms)
				EditorAssembliesLoaded (0ms)
			ExecutionOrderSort2 (0ms)
			AwakeInstancesAfterBackupRestoration (4ms)
Platform modules already initialized, skipping
Refreshing native plugins compatible for Editor in 0.48 ms, found 2 plugins.
Preloading 0 native plugins for Editor in 0.00 ms.
Unloading 1998 Unused Serialized files (Serialized files now loaded: 0)
System memory in use before: 91.7 MB.
System memory in use after: 91.8 MB.

Unloading 15 unused Assets to reduce memory usage. Loaded Objects now: 2542.
Total: 2.348000 ms (FindLiveObjects: 0.128500 ms CreateObjectMapping: 0.031900 ms MarkObjects: 2.125400 ms  DeleteObjects: 0.061500 ms)

AssetImportParameters requested are different than current active one (requested -> active):
  custom:framework-win-MediaFoundation: 216162199b28c13a410421893ffa2e32 -> 
  custom:video-decoder-ogg-theora: a1e56fd34408186e4bbccfd4996cb3dc -> 
  custom:container-muxer-webm: aa71ff27fc2769a1b78a27578f13a17b -> 
  custom:container-demuxer-webm: 4f35f7cbe854078d1ac9338744f61a02 -> 
  custom:container-demuxer-ogg: 62fdf1f143b41e24485cea50d1cbac27 -> 
  custom:video-encoder-webm-vp8: eb34c28f22e8b96e1ab97ce403110664 -> 
  custom:video-decoder-webm-vp8: 9c59270c3fd7afecdb556c50c9e8de78 -> 
  custom:audio-decoder-ogg-vorbis: bf7c407c2cedff20999df2af8eb42d56 -> 
  custom:audio-encoder-webm-vorbis: bf7c407c2cedff20999df2af8eb42d56 -> 
========================================================================
Received Prepare
Registering precompiled user dll's ...
Registered in 0.001730 seconds.
Begin MonoManager ReloadAssembly
Native extension for WindowsStandalone target not found
Native extension for WebGL target not found
Refreshing native plugins compatible for Editor in 0.49 ms, found 2 plugins.
Preloading 0 native plugins for Editor in 0.00 ms.
Mono: successfully reloaded assembly
- Completed reload, in  0.637 seconds
Domain Reload Profiling:
	ReloadAssembly (638ms)
		BeginReloadAssembly (79ms)
			ExecutionOrderSort (0ms)
			DisableScriptedObjects (3ms)
			BackupInstance (0ms)
			ReleaseScriptingObjects (0ms)
			CreateAndSetChildDomain (24ms)
		EndReloadAssembly (519ms)
			LoadAssemblies (54ms)
			RebuildTransferFunctionScriptingTraits (0ms)
			SetupTypeCache (179ms)
			ReleaseScriptCaches (1ms)
			RebuildScriptCaches (26ms)
			SetupLoadedEditorAssemblies (203ms)
				LogAssemblyErrors (0ms)
				InitializePlatformSupportModulesInManaged (4ms)
				SetLoadedEditorAssemblies (0ms)
				RefreshPlugins (1ms)
				BeforeProcessingInitializeOnLoad (54ms)
				ProcessInitializeOnLoadAttributes (135ms)
				ProcessInitializeOnLoadMethodAttributes (5ms)
				AfterProcessingInitializeOnLoad (4ms)
				EditorAssembliesLoaded (0ms)
			ExecutionOrderSort2 (0ms)
			AwakeInstancesAfterBackupRestoration (4ms)
Platform modules already initialized, skipping
Refreshing native plugins compatible for Editor in 0.53 ms, found 2 plugins.
Preloading 0 native plugins for Editor in 0.00 ms.
Unloading 1998 Unused Serialized files (Serialized files now loaded: 0)
System memory in use before: 91.6 MB.
System memory in use after: 91.7 MB.

Unloading 15 unused Assets to reduce memory usage. Loaded Objects now: 2544.
Total: 2.414100 ms (FindLiveObjects: 0.129000 ms CreateObjectMapping: 0.029600 ms MarkObjects: 2.191100 ms  DeleteObjects: 0.063800 ms)

AssetImportParameters requested are different than current active one (requested -> active):
  custom:framework-win-MediaFoundation: 216162199b28c13a410421893ffa2e32 -> 
  custom:video-decoder-ogg-theora: a1e56fd34408186e4bbccfd4996cb3dc -> 
  custom:container-muxer-webm: aa71ff27fc2769a1b78a27578f13a17b -> 
  custom:container-demuxer-webm: 4f35f7cbe854078d1ac9338744f61a02 -> 
  custom:container-demuxer-ogg: 62fdf1f143b41e24485cea50d1cbac27 -> 
  custom:video-encoder-webm-vp8: eb34c28f22e8b96e1ab97ce403110664 -> 
  custom:video-decoder-webm-vp8: 9c59270c3fd7afecdb556c50c9e8de78 -> 
  custom:audio-decoder-ogg-vorbis: bf7c407c2cedff20999df2af8eb42d56 -> 
  custom:audio-encoder-webm-vorbis: bf7c407c2cedff20999df2af8eb42d56 -> 
AssetImportWorkerClient::OnTransportError - code=2 error=End of file
