Using pre-set license
Built from '2020.3/staging' branch; Version is '2020.3.20f1 (41c4e627c95f) revision 4310246'; Using compiler version '192528614'; Build Type 'Release'
OS: 'Windows 10 Home; OS build 19043.1288; Version 2009; 64bit' Language: 'en' Physical Memory: 32515 MB
BatchMode: 1, IsHumanControllingUs: 0, StartBugReporterOnCrash: 0, Is64bit: 1, IsPro: 0

COMMAND LINE ARGUMENTS:
C:\Program Files\Unity\Hub\Editor\2020.3.20f1\Editor\Unity.exe
-adb2
-batchMode
-noUpm
-name
AssetImportWorker0
-projectPath
D:/Fall 2021/techSeminar/mTm/Projects/mTm_DEMO_03
-logFile
Logs/AssetImportWorker0.log
-srvPort
63786
Successfully changed project path to: D:/Fall 2021/techSeminar/mTm/Projects/mTm_DEMO_03
D:/Fall 2021/techSeminar/mTm/Projects/mTm_DEMO_03
Using Asset Import Pipeline V2.
Refreshing native plugins compatible for Editor in 27.12 ms, found 2 plugins.
Preloading 0 native plugins for Editor in 0.00 ms.
Initialize engine version: 2020.3.20f1 (41c4e627c95f)
[Subsystems] Discovering subsystems at path C:/Program Files/Unity/Hub/Editor/2020.3.20f1/Editor/Data/Resources/UnitySubsystems
[Subsystems] Discovering subsystems at path D:/Fall 2021/techSeminar/mTm/Projects/mTm_DEMO_03/Assets
GfxDevice: creating device client; threaded=0
Direct3D:
    Version:  Direct3D 11.0 [level 11.1]
    Renderer: NVIDIA GeForce RTX 3080 Laptop GPU (ID=0x249c)
    Vendor:   
    VRAM:     16201 MB
    Driver:   27.21.14.6650
Initialize mono
Mono path[0] = 'C:/Program Files/Unity/Hub/Editor/2020.3.20f1/Editor/Data/Managed'
Mono path[1] = 'C:/Program Files/Unity/Hub/Editor/2020.3.20f1/Editor/Data/MonoBleedingEdge/lib/mono/unityjit'
Mono config path = 'C:/Program Files/Unity/Hub/Editor/2020.3.20f1/Editor/Data/MonoBleedingEdge/etc'
Using monoOptions --debugger-agent=transport=dt_socket,embedding=1,server=y,suspend=n,address=127.0.0.1:56736
Begin MonoManager ReloadAssembly
Registering precompiled unity dll's ...
Register platform support module: C:/Program Files/Unity/Hub/Editor/2020.3.20f1/Editor/Data/PlaybackEngines/WebGLSupport/UnityEditor.WebGL.Extensions.dll
Register platform support module: C:/Program Files/Unity/Hub/Editor/2020.3.20f1/Editor/Data/PlaybackEngines/WindowsStandaloneSupport/UnityEditor.WindowsStandalone.Extensions.dll
Registered in 0.001365 seconds.
Native extension for WindowsStandalone target not found
Native extension for WebGL target not found
Refreshing native plugins compatible for Editor in 18.73 ms, found 2 plugins.
Preloading 0 native plugins for Editor in 0.00 ms.
Mono: successfully reloaded assembly
- Completed reload, in  1.096 seconds
Domain Reload Profiling:
	ReloadAssembly (1097ms)
		BeginReloadAssembly (34ms)
			ExecutionOrderSort (0ms)
			DisableScriptedObjects (0ms)
			BackupInstance (0ms)
			ReleaseScriptingObjects (0ms)
			CreateAndSetChildDomain (1ms)
		EndReloadAssembly (255ms)
			LoadAssemblies (33ms)
			RebuildTransferFunctionScriptingTraits (0ms)
			SetupTypeCache (91ms)
			ReleaseScriptCaches (0ms)
			RebuildScriptCaches (20ms)
			SetupLoadedEditorAssemblies (98ms)
				LogAssemblyErrors (0ms)
				InitializePlatformSupportModulesInManaged (3ms)
				SetLoadedEditorAssemblies (0ms)
				RefreshPlugins (19ms)
				BeforeProcessingInitializeOnLoad (11ms)
				ProcessInitializeOnLoadAttributes (48ms)
				ProcessInitializeOnLoadMethodAttributes (17ms)
				AfterProcessingInitializeOnLoad (0ms)
				EditorAssembliesLoaded (0ms)
			ExecutionOrderSort2 (0ms)
			AwakeInstancesAfterBackupRestoration (0ms)
Platform modules already initialized, skipping
Registering precompiled user dll's ...
Registered in 0.001068 seconds.
Begin MonoManager ReloadAssembly
Native extension for WindowsStandalone target not found
Native extension for WebGL target not found
Refreshing native plugins compatible for Editor in 0.31 ms, found 2 plugins.
Preloading 0 native plugins for Editor in 0.00 ms.
Mono: successfully reloaded assembly
- Completed reload, in  0.615 seconds
Domain Reload Profiling:
	ReloadAssembly (616ms)
		BeginReloadAssembly (93ms)
			ExecutionOrderSort (0ms)
			DisableScriptedObjects (3ms)
			BackupInstance (0ms)
			ReleaseScriptingObjects (0ms)
			CreateAndSetChildDomain (14ms)
		EndReloadAssembly (484ms)
			LoadAssemblies (51ms)
			RebuildTransferFunctionScriptingTraits (0ms)
			SetupTypeCache (155ms)
			ReleaseScriptCaches (0ms)
			RebuildScriptCaches (26ms)
			SetupLoadedEditorAssemblies (195ms)
				LogAssemblyErrors (0ms)
				InitializePlatformSupportModulesInManaged (4ms)
				SetLoadedEditorAssemblies (0ms)
				RefreshPlugins (0ms)
				BeforeProcessingInitializeOnLoad (49ms)
				ProcessInitializeOnLoadAttributes (135ms)
				ProcessInitializeOnLoadMethodAttributes (2ms)
				AfterProcessingInitializeOnLoad (4ms)
				EditorAssembliesLoaded (0ms)
			ExecutionOrderSort2 (0ms)
			AwakeInstancesAfterBackupRestoration (4ms)
Platform modules already initialized, skipping
========================================================================
Worker process is ready to serve import requests
Launched and connected shader compiler UnityShaderCompiler.exe after 0.04 seconds
Refreshing native plugins compatible for Editor in 0.28 ms, found 2 plugins.
Preloading 0 native plugins for Editor in 0.00 ms.
Unloading 1407 Unused Serialized files (Serialized files now loaded: 0)
System memory in use before: 65.0 MB.
System memory in use after: 65.1 MB.

Unloading 16 unused Assets to reduce memory usage. Loaded Objects now: 1842.
Total: 2.018600 ms (FindLiveObjects: 0.111800 ms CreateObjectMapping: 0.025300 ms MarkObjects: 1.813400 ms  DeleteObjects: 0.067100 ms)

AssetImportParameters requested are different than current active one (requested -> active):
  custom:framework-win-MediaFoundation: 216162199b28c13a410421893ffa2e32 -> 
  custom:video-decoder-ogg-theora: a1e56fd34408186e4bbccfd4996cb3dc -> 
  custom:container-muxer-webm: aa71ff27fc2769a1b78a27578f13a17b -> 
  custom:container-demuxer-webm: 4f35f7cbe854078d1ac9338744f61a02 -> 
  custom:container-demuxer-ogg: 62fdf1f143b41e24485cea50d1cbac27 -> 
  custom:video-encoder-webm-vp8: eb34c28f22e8b96e1ab97ce403110664 -> 
  custom:video-decoder-webm-vp8: 9c59270c3fd7afecdb556c50c9e8de78 -> 
  custom:audio-decoder-ogg-vorbis: bf7c407c2cedff20999df2af8eb42d56 -> 
  custom:audio-encoder-webm-vorbis: bf7c407c2cedff20999df2af8eb42d56 -> 
========================================================================
Received Import Request.
  path: Assets/New Terrain.asset
  artifactKey: Guid(28286b64ac2ef3342b13d226686adf71) Importer(815301076,1909f56bfc062723c751e8b465ee728b)
Start importing Assets/New Terrain.asset using Guid(28286b64ac2ef3342b13d226686adf71) Importer(815301076,1909f56bfc062723c751e8b465ee728b)  -> (artifact id: '268867d362d956dda53873ab8adac351') in 0.026269 seconds 
  Import took 0.028247 seconds .

========================================================================
Received Import Request.
  Time since last request: 0.000292 seconds.
  path: Assets/New Material.mat
  artifactKey: Guid(7b7e8b9604da3b3419fb4881225da636) Importer(815301076,1909f56bfc062723c751e8b465ee728b)
Start importing Assets/New Material.mat using Guid(7b7e8b9604da3b3419fb4881225da636) Importer(815301076,1909f56bfc062723c751e8b465ee728b)  -> (artifact id: '2eb704099f02c838ed66bf205b6409ef') in 0.206036 seconds 
  Import took 0.207984 seconds .

========================================================================
Received Import Request.
  Time since last request: 0.000181 seconds.
  path: Assets/roof01_export_001.obj
  artifactKey: Guid(d5804788d0541974fbb6fb94a6841c85) Importer(815301076,1909f56bfc062723c751e8b465ee728b)
Start importing Assets/roof01_export_001.obj using Guid(d5804788d0541974fbb6fb94a6841c85) Importer(815301076,1909f56bfc062723c751e8b465ee728b)  -> (artifact id: '40e871c48b5b54d136918f1dfce167b5') in 0.159758 seconds 
  Import took 0.161697 seconds .

========================================================================
Received Import Request.
  Time since last request: 3.096180 seconds.
  path: Assets/Scripts
  artifactKey: Guid(351d96ecc452c1a4eb15ef078a1ce6ff) Importer(815301076,1909f56bfc062723c751e8b465ee728b)
Start importing Assets/Scripts using Guid(351d96ecc452c1a4eb15ef078a1ce6ff) Importer(815301076,1909f56bfc062723c751e8b465ee728b)  -> (artifact id: 'c24d5dfe213fdf902e666bb02fb2e2e0') in 0.005685 seconds 
  Import took 0.007943 seconds .

========================================================================
Received Import Request.
  Time since last request: 0.882167 seconds.
  path: Assets/Scripts/ZhongShenGuiWei.cs
  artifactKey: Guid(f81b34d9995897b47aebee2ff29f8159) Importer(815301076,1909f56bfc062723c751e8b465ee728b)
Start importing Assets/Scripts/ZhongShenGuiWei.cs using Guid(f81b34d9995897b47aebee2ff29f8159) Importer(815301076,1909f56bfc062723c751e8b465ee728b)  -> (artifact id: '5b7d3efdae0e87fcd7b0e332afe334aa') in 0.007770 seconds 
  Import took 0.009837 seconds .

========================================================================
Received Import Request.
  Time since last request: 50.130777 seconds.
  path: Assets/Scripts/ZhongShenGuiWei.cs
  artifactKey: Guid(f81b34d9995897b47aebee2ff29f8159) Importer(815301076,1909f56bfc062723c751e8b465ee728b)
Start importing Assets/Scripts/ZhongShenGuiWei.cs using Guid(f81b34d9995897b47aebee2ff29f8159) Importer(815301076,1909f56bfc062723c751e8b465ee728b)  -> (artifact id: '896a2667d0b3772b2d31f3d1526b38fe') in 0.002674 seconds 
  Import took 0.006033 seconds .

========================================================================
Received Prepare
Registering precompiled user dll's ...
Registered in 0.001067 seconds.
Begin MonoManager ReloadAssembly
Native extension for WindowsStandalone target not found
Native extension for WebGL target not found
Refreshing native plugins compatible for Editor in 0.29 ms, found 2 plugins.
Preloading 0 native plugins for Editor in 0.00 ms.
Mono: successfully reloaded assembly
- Completed reload, in  0.687 seconds
Domain Reload Profiling:
	ReloadAssembly (687ms)
		BeginReloadAssembly (106ms)
			ExecutionOrderSort (0ms)
			DisableScriptedObjects (4ms)
			BackupInstance (0ms)
			ReleaseScriptingObjects (0ms)
			CreateAndSetChildDomain (35ms)
		EndReloadAssembly (536ms)
			LoadAssemblies (68ms)
			RebuildTransferFunctionScriptingTraits (0ms)
			SetupTypeCache (189ms)
			ReleaseScriptCaches (1ms)
			RebuildScriptCaches (27ms)
			SetupLoadedEditorAssemblies (197ms)
				LogAssemblyErrors (0ms)
				InitializePlatformSupportModulesInManaged (5ms)
				SetLoadedEditorAssemblies (0ms)
				RefreshPlugins (0ms)
				BeforeProcessingInitializeOnLoad (52ms)
				ProcessInitializeOnLoadAttributes (133ms)
				ProcessInitializeOnLoadMethodAttributes (2ms)
				AfterProcessingInitializeOnLoad (4ms)
				EditorAssembliesLoaded (0ms)
			ExecutionOrderSort2 (0ms)
			AwakeInstancesAfterBackupRestoration (5ms)
Platform modules already initialized, skipping
Refreshing native plugins compatible for Editor in 0.25 ms, found 2 plugins.
Preloading 0 native plugins for Editor in 0.00 ms.
Unloading 1401 Unused Serialized files (Serialized files now loaded: 0)
System memory in use before: 69.2 MB.
System memory in use after: 68.8 MB.

Unloading 13 unused Assets to reduce memory usage. Loaded Objects now: 1888.
Total: 2.293600 ms (FindLiveObjects: 0.106000 ms CreateObjectMapping: 0.022700 ms MarkObjects: 1.914200 ms  DeleteObjects: 0.249800 ms)

AssetImportParameters requested are different than current active one (requested -> active):
  custom:framework-win-MediaFoundation: 216162199b28c13a410421893ffa2e32 -> 
  custom:video-decoder-ogg-theora: a1e56fd34408186e4bbccfd4996cb3dc -> 
  custom:container-muxer-webm: aa71ff27fc2769a1b78a27578f13a17b -> 
  custom:container-demuxer-webm: 4f35f7cbe854078d1ac9338744f61a02 -> 
  custom:container-demuxer-ogg: 62fdf1f143b41e24485cea50d1cbac27 -> 
  custom:video-encoder-webm-vp8: eb34c28f22e8b96e1ab97ce403110664 -> 
  custom:video-decoder-webm-vp8: 9c59270c3fd7afecdb556c50c9e8de78 -> 
  custom:audio-decoder-ogg-vorbis: bf7c407c2cedff20999df2af8eb42d56 -> 
  custom:audio-encoder-webm-vorbis: bf7c407c2cedff20999df2af8eb42d56 -> 
========================================================================
Received Import Request.
  Time since last request: 5.103427 seconds.
  path: Assets/Cursor/01.png
  artifactKey: Guid(40ade5a914c5a7c428cf1b1178cfea52) Importer(815301076,1909f56bfc062723c751e8b465ee728b)
Start importing Assets/Cursor/01.png using Guid(40ade5a914c5a7c428cf1b1178cfea52) Importer(815301076,1909f56bfc062723c751e8b465ee728b)  -> (artifact id: '8689b05e9ef87257c1e2eae3d1521f80') in 0.031033 seconds 
  Import took 0.033259 seconds .

========================================================================
Received Import Request.
  Time since last request: 0.000246 seconds.
  path: Assets/Cursor/04.png
  artifactKey: Guid(dd8e34cc84aad0d4290b4491bc63d8e8) Importer(815301076,1909f56bfc062723c751e8b465ee728b)
Start importing Assets/Cursor/04.png using Guid(dd8e34cc84aad0d4290b4491bc63d8e8) Importer(815301076,1909f56bfc062723c751e8b465ee728b)  -> (artifact id: '0334582a661158753cce433e9e62137e') in 0.008347 seconds 
  Import took 0.010326 seconds .

========================================================================
Received Import Request.
  Time since last request: 0.000154 seconds.
  path: Assets/Cursor/Cursor01.png
  artifactKey: Guid(0e5b8571957d2164ab75763254ab0b10) Importer(815301076,1909f56bfc062723c751e8b465ee728b)
Start importing Assets/Cursor/Cursor01.png using Guid(0e5b8571957d2164ab75763254ab0b10) Importer(815301076,1909f56bfc062723c751e8b465ee728b)  -> (artifact id: '45f2b351516965dee100f16bb962b555') in 0.016236 seconds 
  Import took 0.018645 seconds .

========================================================================
Received Import Request.
  Time since last request: 0.000195 seconds.
  path: Assets/Cursor/02.png
  artifactKey: Guid(d690ef73d45314d49ab5f55691b00632) Importer(815301076,1909f56bfc062723c751e8b465ee728b)
Start importing Assets/Cursor/02.png using Guid(d690ef73d45314d49ab5f55691b00632) Importer(815301076,1909f56bfc062723c751e8b465ee728b)  -> (artifact id: 'd112ab2b145c6dec6dc0c27f384c707b') in 0.012522 seconds 
  Import took 0.015077 seconds .

========================================================================
Received Import Request.
  Time since last request: 0.000236 seconds.
  path: Assets/Cursor/Cursor02.png
  artifactKey: Guid(70bc839fbdba59b49b0001d4e96782be) Importer(815301076,1909f56bfc062723c751e8b465ee728b)
Start importing Assets/Cursor/Cursor02.png using Guid(70bc839fbdba59b49b0001d4e96782be) Importer(815301076,1909f56bfc062723c751e8b465ee728b)  -> (artifact id: '4b11502218509f10b0f16fd8834211cb') in 0.012051 seconds 
  Import took 0.014560 seconds .

========================================================================
Received Import Request.
  Time since last request: 0.000262 seconds.
  path: Assets/Cursor/05.png
  artifactKey: Guid(b8085167adbff9b4d9c012225a956071) Importer(815301076,1909f56bfc062723c751e8b465ee728b)
Start importing Assets/Cursor/05.png using Guid(b8085167adbff9b4d9c012225a956071) Importer(815301076,1909f56bfc062723c751e8b465ee728b)  -> (artifact id: '73c9ea867b9bde944644e18f1df35821') in 0.012379 seconds 
  Import took 0.016638 seconds .

========================================================================
Received Import Request.
  Time since last request: 0.000396 seconds.
  path: Assets/Cursor/Cursor03.png
  artifactKey: Guid(433726b5eac591c43b2f21f0752a9c7e) Importer(815301076,1909f56bfc062723c751e8b465ee728b)
Start importing Assets/Cursor/Cursor03.png using Guid(433726b5eac591c43b2f21f0752a9c7e) Importer(815301076,1909f56bfc062723c751e8b465ee728b)  -> (artifact id: '1aa1a9be58c9b46b42431cd7dc5a7d49') in 0.014068 seconds 
  Import took 0.017326 seconds .

========================================================================
Received Import Request.
  Time since last request: 0.000213 seconds.
  path: Assets/Cursor/03.png
  artifactKey: Guid(df23307a38504b046a96200b01f28505) Importer(815301076,1909f56bfc062723c751e8b465ee728b)
Start importing Assets/Cursor/03.png using Guid(df23307a38504b046a96200b01f28505) Importer(815301076,1909f56bfc062723c751e8b465ee728b)  -> (artifact id: '5c45345b84b558e9f0433dc6fe9582bd') in 0.009832 seconds 
  Import took 0.012316 seconds .

========================================================================
Received Import Request.
  Time since last request: 0.809944 seconds.
  path: Assets/Scenes/SampleScene.unity
  artifactKey: Guid(9fc0d4010bbf28b4594072e72b8655ab) Importer(815301076,1909f56bfc062723c751e8b465ee728b)
Start importing Assets/Scenes/SampleScene.unity using Guid(9fc0d4010bbf28b4594072e72b8655ab) Importer(815301076,1909f56bfc062723c751e8b465ee728b)  -> (artifact id: '52770142f8df526194e42080ad74ffaa') in 0.005481 seconds 
  Import took 0.007882 seconds .

========================================================================
Received Prepare
Registering precompiled user dll's ...
Registered in 0.001137 seconds.
Begin MonoManager ReloadAssembly
Native extension for WindowsStandalone target not found
Native extension for WebGL target not found
Refreshing native plugins compatible for Editor in 0.34 ms, found 2 plugins.
Preloading 0 native plugins for Editor in 0.00 ms.
Mono: successfully reloaded assembly
- Completed reload, in  0.668 seconds
Domain Reload Profiling:
	ReloadAssembly (669ms)
		BeginReloadAssembly (89ms)
			ExecutionOrderSort (0ms)
			DisableScriptedObjects (4ms)
			BackupInstance (0ms)
			ReleaseScriptingObjects (0ms)
			CreateAndSetChildDomain (27ms)
		EndReloadAssembly (536ms)
			LoadAssemblies (52ms)
			RebuildTransferFunctionScriptingTraits (0ms)
			SetupTypeCache (174ms)
			ReleaseScriptCaches (1ms)
			RebuildScriptCaches (28ms)
			SetupLoadedEditorAssemblies (211ms)
				LogAssemblyErrors (0ms)
				InitializePlatformSupportModulesInManaged (4ms)
				SetLoadedEditorAssemblies (0ms)
				RefreshPlugins (0ms)
				BeforeProcessingInitializeOnLoad (51ms)
				ProcessInitializeOnLoadAttributes (147ms)
				ProcessInitializeOnLoadMethodAttributes (3ms)
				AfterProcessingInitializeOnLoad (4ms)
				EditorAssembliesLoaded (0ms)
			ExecutionOrderSort2 (0ms)
			AwakeInstancesAfterBackupRestoration (5ms)
Platform modules already initialized, skipping
Refreshing native plugins compatible for Editor in 0.26 ms, found 2 plugins.
Preloading 0 native plugins for Editor in 0.00 ms.
Unloading 1401 Unused Serialized files (Serialized files now loaded: 0)
System memory in use before: 68.7 MB.
System memory in use after: 68.8 MB.

Unloading 11 unused Assets to reduce memory usage. Loaded Objects now: 1893.
Total: 1.931900 ms (FindLiveObjects: 0.099700 ms CreateObjectMapping: 0.023100 ms MarkObjects: 1.794700 ms  DeleteObjects: 0.013300 ms)

AssetImportParameters requested are different than current active one (requested -> active):
  custom:framework-win-MediaFoundation: 216162199b28c13a410421893ffa2e32 -> 
  custom:video-decoder-ogg-theora: a1e56fd34408186e4bbccfd4996cb3dc -> 
  custom:container-muxer-webm: aa71ff27fc2769a1b78a27578f13a17b -> 
  custom:container-demuxer-webm: 4f35f7cbe854078d1ac9338744f61a02 -> 
  custom:container-demuxer-ogg: 62fdf1f143b41e24485cea50d1cbac27 -> 
  custom:video-encoder-webm-vp8: eb34c28f22e8b96e1ab97ce403110664 -> 
  custom:video-decoder-webm-vp8: 9c59270c3fd7afecdb556c50c9e8de78 -> 
  custom:audio-decoder-ogg-vorbis: bf7c407c2cedff20999df2af8eb42d56 -> 
  custom:audio-encoder-webm-vorbis: bf7c407c2cedff20999df2af8eb42d56 -> 
AssetImportWorkerClient::OnTransportError - code=2 error=End of file
