Using pre-set license
Built from '2020.3/staging' branch; Version is '2020.3.19f1 (68f137dc9bbe) revision 6877495'; Using compiler version '192528614'; Build Type 'Release'
OS: 'Windows 10 Home; OS build 19042.1348; Version 2009; 64bit' Language: 'en' Physical Memory: 32530 MB
BatchMode: 1, IsHumanControllingUs: 0, StartBugReporterOnCrash: 0, Is64bit: 1, IsPro: 0

COMMAND LINE ARGUMENTS:
E:\Program Files\2020.3.19f1\Editor\Unity.exe
-adb2
-batchMode
-noUpm
-name
AssetImportWorker0
-projectPath
E:/AgentEcology Tutorial/289-80AgentEcologyTutorial/mTm/Projects/mTm_DEMO_12
-logFile
Logs/AssetImportWorker0.log
-srvPort
62085
Successfully changed project path to: E:/AgentEcology Tutorial/289-80AgentEcologyTutorial/mTm/Projects/mTm_DEMO_12
E:/AgentEcology Tutorial/289-80AgentEcologyTutorial/mTm/Projects/mTm_DEMO_12
Using Asset Import Pipeline V2.
Refreshing native plugins compatible for Editor in 66.82 ms, found 2 plugins.
Preloading 0 native plugins for Editor in 0.00 ms.
Initialize engine version: 2020.3.19f1 (68f137dc9bbe)
[Subsystems] Discovering subsystems at path E:/Program Files/2020.3.19f1/Editor/Data/Resources/UnitySubsystems
[Subsystems] Discovering subsystems at path E:/AgentEcology Tutorial/289-80AgentEcologyTutorial/mTm/Projects/mTm_DEMO_12/Assets
GfxDevice: creating device client; threaded=0
Direct3D:
    Version:  Direct3D 11.0 [level 11.1]
    Renderer: NVIDIA GeForce RTX 3080 Laptop GPU (ID=0x24dc)
    Vendor:   
    VRAM:     8041 MB
    Driver:   30.0.14.7135
Initialize mono
Mono path[0] = 'E:/Program Files/2020.3.19f1/Editor/Data/Managed'
Mono path[1] = 'E:/Program Files/2020.3.19f1/Editor/Data/MonoBleedingEdge/lib/mono/unityjit'
Mono config path = 'E:/Program Files/2020.3.19f1/Editor/Data/MonoBleedingEdge/etc'
Using monoOptions --debugger-agent=transport=dt_socket,embedding=1,server=y,suspend=n,address=127.0.0.1:56984
Begin MonoManager ReloadAssembly
Registering precompiled unity dll's ...
Register platform support module: E:/Program Files/2020.3.19f1/Editor/Data/PlaybackEngines/WindowsStandaloneSupport/UnityEditor.WindowsStandalone.Extensions.dll
Register platform support module: E:/Program Files/2020.3.19f1/Editor/Data/PlaybackEngines/LinuxStandaloneSupport/UnityEditor.LinuxStandalone.Extensions.dll
Register platform support module: E:/Program Files/2020.3.19f1/Editor/Data/PlaybackEngines/LuminSupport/UnityEditor.Lumin.Extensions.dll
Registered in 0.001091 seconds.
Native extension for Lumin target not found
Native extension for LinuxStandalone target not found
Native extension for WindowsStandalone target not found
Refreshing native plugins compatible for Editor in 58.70 ms, found 2 plugins.
Preloading 0 native plugins for Editor in 0.00 ms.
Mono: successfully reloaded assembly
- Completed reload, in  1.666 seconds
Domain Reload Profiling:
	ReloadAssembly (1667ms)
		BeginReloadAssembly (43ms)
			ExecutionOrderSort (0ms)
			DisableScriptedObjects (0ms)
			BackupInstance (0ms)
			ReleaseScriptingObjects (0ms)
			CreateAndSetChildDomain (1ms)
		EndReloadAssembly (391ms)
			LoadAssemblies (42ms)
			RebuildTransferFunctionScriptingTraits (0ms)
			SetupTypeCache (130ms)
			ReleaseScriptCaches (0ms)
			RebuildScriptCaches (29ms)
			SetupLoadedEditorAssemblies (173ms)
				LogAssemblyErrors (0ms)
				InitializePlatformSupportModulesInManaged (5ms)
				SetLoadedEditorAssemblies (0ms)
				RefreshPlugins (59ms)
				BeforeProcessingInitializeOnLoad (14ms)
				ProcessInitializeOnLoadAttributes (71ms)
				ProcessInitializeOnLoadMethodAttributes (23ms)
				AfterProcessingInitializeOnLoad (0ms)
				EditorAssembliesLoaded (0ms)
			ExecutionOrderSort2 (0ms)
			AwakeInstancesAfterBackupRestoration (0ms)
Platform modules already initialized, skipping
Registering precompiled user dll's ...
Registered in 0.002785 seconds.
Begin MonoManager ReloadAssembly
Native extension for Lumin target not found
Native extension for LinuxStandalone target not found
Native extension for WindowsStandalone target not found
Refreshing native plugins compatible for Editor in 63.56 ms, found 2 plugins.
Preloading 0 native plugins for Editor in 0.00 ms.
Mono: successfully reloaded assembly
- Completed reload, in  1.063 seconds
Domain Reload Profiling:
	ReloadAssembly (1064ms)
		BeginReloadAssembly (119ms)
			ExecutionOrderSort (0ms)
			DisableScriptedObjects (4ms)
			BackupInstance (0ms)
			ReleaseScriptingObjects (0ms)
			CreateAndSetChildDomain (16ms)
		EndReloadAssembly (896ms)
			LoadAssemblies (76ms)
			RebuildTransferFunctionScriptingTraits (0ms)
			SetupTypeCache (281ms)
			ReleaseScriptCaches (0ms)
			RebuildScriptCaches (55ms)
			SetupLoadedEditorAssemblies (377ms)
				LogAssemblyErrors (0ms)
				InitializePlatformSupportModulesInManaged (5ms)
				SetLoadedEditorAssemblies (0ms)
				RefreshPlugins (64ms)
				BeforeProcessingInitializeOnLoad (90ms)
				ProcessInitializeOnLoadAttributes (208ms)
				ProcessInitializeOnLoadMethodAttributes (8ms)
				AfterProcessingInitializeOnLoad (2ms)
				EditorAssembliesLoaded (0ms)
			ExecutionOrderSort2 (0ms)
			AwakeInstancesAfterBackupRestoration (6ms)
Platform modules already initialized, skipping
========================================================================
Worker process is ready to serve import requests
Launched and connected shader compiler UnityShaderCompiler.exe after 0.06 seconds
Refreshing native plugins compatible for Editor in 0.66 ms, found 2 plugins.
Preloading 0 native plugins for Editor in 0.00 ms.
Unloading 3363 Unused Serialized files (Serialized files now loaded: 0)
System memory in use before: 155.8 MB.
System memory in use after: 156.0 MB.

Unloading 21 unused Assets to reduce memory usage. Loaded Objects now: 3798.
Total: 3.313600 ms (FindLiveObjects: 0.302000 ms CreateObjectMapping: 0.146500 ms MarkObjects: 2.763500 ms  DeleteObjects: 0.100700 ms)

AssetImportParameters requested are different than current active one (requested -> active):
  custom:framework-win-MediaFoundation: 216162199b28c13a410421893ffa2e32 -> 
  custom:video-decoder-ogg-theora: a1e56fd34408186e4bbccfd4996cb3dc -> 
  custom:container-muxer-webm: aa71ff27fc2769a1b78a27578f13a17b -> 
  custom:container-demuxer-webm: 4f35f7cbe854078d1ac9338744f61a02 -> 
  custom:container-demuxer-ogg: 62fdf1f143b41e24485cea50d1cbac27 -> 
  custom:video-encoder-webm-vp8: eb34c28f22e8b96e1ab97ce403110664 -> 
  custom:video-codec-MediaFoundation-h265: 746d11721c4dcdbdad8f713fa42b33f4 -> 
  custom:video-decoder-webm-vp8: 9c59270c3fd7afecdb556c50c9e8de78 -> 
  custom:audio-decoder-ogg-vorbis: bf7c407c2cedff20999df2af8eb42d56 -> 
  custom:audio-encoder-webm-vorbis: bf7c407c2cedff20999df2af8eb42d56 -> 
========================================================================
Received Import Request.
  path: Assets/New Terrain.asset
  artifactKey: Guid(28286b64ac2ef3342b13d226686adf71) Importer(815301076,1909f56bfc062723c751e8b465ee728b)
Start importing Assets/New Terrain.asset using Guid(28286b64ac2ef3342b13d226686adf71) Importer(815301076,1909f56bfc062723c751e8b465ee728b)  -> (artifact id: '5780c0b0661dca052a99ec9f0999a162') in 0.033547 seconds 
  Import took 0.038258 seconds .

========================================================================
Received Import Request.
  Time since last request: 0.000207 seconds.
  path: Assets/UniversalRenderPipelineAsset.asset
  artifactKey: Guid(9c949ff52b150e744acbc2e66fa06642) Importer(815301076,1909f56bfc062723c751e8b465ee728b)
Start importing Assets/UniversalRenderPipelineAsset.asset using Guid(9c949ff52b150e744acbc2e66fa06642) Importer(815301076,1909f56bfc062723c751e8b465ee728b)  -> (artifact id: '88096b86f44e5472d8cdb6299034a241') in 0.005803 seconds 
  Import took 0.010253 seconds .

========================================================================
Received Import Request.
  Time since last request: 0.000216 seconds.
  path: Assets/New Material.mat
  artifactKey: Guid(7b7e8b9604da3b3419fb4881225da636) Importer(815301076,1909f56bfc062723c751e8b465ee728b)
Start importing Assets/New Material.mat using Guid(7b7e8b9604da3b3419fb4881225da636) Importer(815301076,1909f56bfc062723c751e8b465ee728b)  -> (artifact id: '53292a30b41c7cc755a7481a55eae1c7') in 0.466509 seconds 
  Import took 0.471046 seconds .

========================================================================
Received Import Request.
  Time since last request: 0.000152 seconds.
  path: Assets/UniversalRenderPipelineAsset_Renderer.asset
  artifactKey: Guid(00231859c6515b648a40dfe7a861cd97) Importer(815301076,1909f56bfc062723c751e8b465ee728b)
Start importing Assets/UniversalRenderPipelineAsset_Renderer.asset using Guid(00231859c6515b648a40dfe7a861cd97) Importer(815301076,1909f56bfc062723c751e8b465ee728b)  -> (artifact id: '38e1c6481bf5c1a877229952ebd69c37') in 0.007012 seconds 
  Import took 0.011420 seconds .

========================================================================
Received Import Request.
  Time since last request: 0.000133 seconds.
  path: Assets/New Custom Render Texture.asset
  artifactKey: Guid(b9d3649bcbb9ebb47a37fe539180622c) Importer(815301076,1909f56bfc062723c751e8b465ee728b)
Start importing Assets/New Custom Render Texture.asset using Guid(b9d3649bcbb9ebb47a37fe539180622c) Importer(815301076,1909f56bfc062723c751e8b465ee728b)  -> (artifact id: 'f130d06b7f5dbdad64ece77a9f5bea88') in 0.025404 seconds 
  Import took 0.030437 seconds .

========================================================================
Received Import Request.
  Time since last request: 0.000161 seconds.
  path: Assets/roof01_export_001.obj
  artifactKey: Guid(d5804788d0541974fbb6fb94a6841c85) Importer(815301076,1909f56bfc062723c751e8b465ee728b)
Start importing Assets/roof01_export_001.obj using Guid(d5804788d0541974fbb6fb94a6841c85) Importer(815301076,1909f56bfc062723c751e8b465ee728b)  -> (artifact id: '6b6b2caa0c4ff65e7260e13d2fd0ada7') in 0.277922 seconds 
  Import took 0.282300 seconds .

========================================================================
Received Import Request.
  Time since last request: 64.329003 seconds.
  path: Assets/Scenes
  artifactKey: Guid(c5d75943d92c5104da423bd4efa685e1) Importer(815301076,1909f56bfc062723c751e8b465ee728b)
Start importing Assets/Scenes using Guid(c5d75943d92c5104da423bd4efa685e1) Importer(815301076,1909f56bfc062723c751e8b465ee728b)  -> (artifact id: '62f4dea4eed9cc2fc1054f2d940a4299') in 0.006042 seconds 
  Import took 0.010848 seconds .

========================================================================
Received Import Request.
  Time since last request: 0.930817 seconds.
  path: Assets/Scenes/Randomed.unity
  artifactKey: Guid(225ca97ef494ed143b142ac07a548bee) Importer(815301076,1909f56bfc062723c751e8b465ee728b)
Start importing Assets/Scenes/Randomed.unity using Guid(225ca97ef494ed143b142ac07a548bee) Importer(815301076,1909f56bfc062723c751e8b465ee728b)  -> (artifact id: 'a4ea9fc0abe4429986ff7d7da56885cd') in 0.006425 seconds 
  Import took 0.010782 seconds .

========================================================================
Received Import Request.
  Time since last request: 6.009146 seconds.
  path: Assets/image/7e74c53fd3a0fffc29e9470a47d35d61.jpg
  artifactKey: Guid(987e7b9531f4f764ea577c393cf5c32c) Importer(815301076,1909f56bfc062723c751e8b465ee728b)
Start importing Assets/image/7e74c53fd3a0fffc29e9470a47d35d61.jpg using Guid(987e7b9531f4f764ea577c393cf5c32c) Importer(815301076,1909f56bfc062723c751e8b465ee728b)  -> (artifact id: 'd66f4dc615f81c67a14895512a958509') in 0.013707 seconds 
  Import took 0.019490 seconds .

========================================================================
Received Import Request.
  Time since last request: 0.000264 seconds.
  path: Assets/image/Rotate camera.psd
  artifactKey: Guid(79faf734c9a34cb49880084bed92c6bf) Importer(815301076,1909f56bfc062723c751e8b465ee728b)
Start importing Assets/image/Rotate camera.psd using Guid(79faf734c9a34cb49880084bed92c6bf) Importer(815301076,1909f56bfc062723c751e8b465ee728b)  -> (artifact id: '5c9f8455ff2c1ce8eeceabd6a973443e') in 0.018413 seconds 
  Import took 0.022973 seconds .

========================================================================
Received Import Request.
  Time since last request: 0.000293 seconds.
  path: Assets/image/left click.png
  artifactKey: Guid(c99a5ef5ee7d38e429ec512d7ab3a01b) Importer(815301076,1909f56bfc062723c751e8b465ee728b)
Start importing Assets/image/left click.png using Guid(c99a5ef5ee7d38e429ec512d7ab3a01b) Importer(815301076,1909f56bfc062723c751e8b465ee728b)  -> (artifact id: '9e9fc167d19c6fce52b13a4abc940d9e') in 0.031746 seconds 
  Import took 0.037100 seconds .

========================================================================
Received Import Request.
  Time since last request: 0.000259 seconds.
  path: Assets/image/Rotate camera.png
  artifactKey: Guid(773a86aa0530d8840b87a7c7bd3e5f18) Importer(815301076,1909f56bfc062723c751e8b465ee728b)
Start importing Assets/image/Rotate camera.png using Guid(773a86aa0530d8840b87a7c7bd3e5f18) Importer(815301076,1909f56bfc062723c751e8b465ee728b)  -> (artifact id: '6959912fe5506153e4235e1da588173b') in 0.022021 seconds 
  Import took 0.027241 seconds .

========================================================================
Received Import Request.
  Time since last request: 0.000159 seconds.
  path: Assets/image/right click.png
  artifactKey: Guid(9d559903e9ee58b429e871afd0d11b3c) Importer(815301076,1909f56bfc062723c751e8b465ee728b)
Start importing Assets/image/right click.png using Guid(9d559903e9ee58b429e871afd0d11b3c) Importer(815301076,1909f56bfc062723c751e8b465ee728b)  -> (artifact id: '274b595a970b251f08acaf043014acd7') in 0.011855 seconds 
  Import took 0.016114 seconds .

========================================================================
Received Import Request.
  Time since last request: 0.000155 seconds.
  path: Assets/image/keyboard rotate.png
  artifactKey: Guid(862944115e6148d45addbffdbc4550ae) Importer(815301076,1909f56bfc062723c751e8b465ee728b)
Start importing Assets/image/keyboard rotate.png using Guid(862944115e6148d45addbffdbc4550ae) Importer(815301076,1909f56bfc062723c751e8b465ee728b)  -> (artifact id: 'fb204ead816ccd43fd3aeec50ff3ed5b') in 0.010766 seconds 
  Import took 0.015204 seconds .

========================================================================
Received Import Request.
  Time since last request: 0.000137 seconds.
  path: Assets/image/GAME INTRODUCTION.png
  artifactKey: Guid(f56d5b8ba5c0d0e4c9f65e7b5b75e288) Importer(815301076,1909f56bfc062723c751e8b465ee728b)
Start importing Assets/image/GAME INTRODUCTION.png using Guid(f56d5b8ba5c0d0e4c9f65e7b5b75e288) Importer(815301076,1909f56bfc062723c751e8b465ee728b)  -> (artifact id: '3f0986f927cafe17c89b32b29d7b4dd2') in 0.010875 seconds 
  Import took 0.015354 seconds .

========================================================================
Received Import Request.
  Time since last request: 12.734563 seconds.
  path: Assets/image/HOW TO PLAY.png
  artifactKey: Guid(d38e813a62146a64eb8ed62b4fd196dd) Importer(815301076,1909f56bfc062723c751e8b465ee728b)
Start importing Assets/image/HOW TO PLAY.png using Guid(d38e813a62146a64eb8ed62b4fd196dd) Importer(815301076,1909f56bfc062723c751e8b465ee728b)  -> (artifact id: '72456f1cab26256c5762ca6223062177') in 0.026596 seconds 
  Import took 0.031615 seconds .

========================================================================
Received Import Request.
  Time since last request: 11.484427 seconds.
  path: Assets/image/HOW TO PLAY.png
  artifactKey: Guid(d38e813a62146a64eb8ed62b4fd196dd) Importer(815301076,1909f56bfc062723c751e8b465ee728b)
Start importing Assets/image/HOW TO PLAY.png using Guid(d38e813a62146a64eb8ed62b4fd196dd) Importer(815301076,1909f56bfc062723c751e8b465ee728b)  -> (artifact id: 'b88d0f7fdcfef39d01811406f20e80ea') in 0.065583 seconds 
  Import took 0.070381 seconds .

========================================================================
Received Prepare
Registering precompiled user dll's ...
Registered in 0.002952 seconds.
Begin MonoManager ReloadAssembly
Native extension for Lumin target not found
Native extension for LinuxStandalone target not found
Native extension for WindowsStandalone target not found
Refreshing native plugins compatible for Editor in 0.65 ms, found 2 plugins.
Preloading 0 native plugins for Editor in 0.00 ms.
Mono: successfully reloaded assembly
- Completed reload, in  1.083 seconds
Domain Reload Profiling:
	ReloadAssembly (1083ms)
		BeginReloadAssembly (132ms)
			ExecutionOrderSort (0ms)
			DisableScriptedObjects (6ms)
			BackupInstance (0ms)
			ReleaseScriptingObjects (0ms)
			CreateAndSetChildDomain (38ms)
		EndReloadAssembly (902ms)
			LoadAssemblies (75ms)
			RebuildTransferFunctionScriptingTraits (0ms)
			SetupTypeCache (303ms)
			ReleaseScriptCaches (1ms)
			RebuildScriptCaches (47ms)
			SetupLoadedEditorAssemblies (332ms)
				LogAssemblyErrors (0ms)
				InitializePlatformSupportModulesInManaged (6ms)
				SetLoadedEditorAssemblies (0ms)
				RefreshPlugins (1ms)
				BeforeProcessingInitializeOnLoad (94ms)
				ProcessInitializeOnLoadAttributes (220ms)
				ProcessInitializeOnLoadMethodAttributes (8ms)
				AfterProcessingInitializeOnLoad (2ms)
				EditorAssembliesLoaded (0ms)
			ExecutionOrderSort2 (0ms)
			AwakeInstancesAfterBackupRestoration (17ms)
Platform modules already initialized, skipping
Refreshing native plugins compatible for Editor in 0.83 ms, found 2 plugins.
Preloading 0 native plugins for Editor in 0.00 ms.
Unloading 3217 Unused Serialized files (Serialized files now loaded: 0)
System memory in use before: 151.7 MB.
System memory in use after: 151.9 MB.

Unloading 16 unused Assets to reduce memory usage. Loaded Objects now: 3900.
Total: 3.212900 ms (FindLiveObjects: 0.319300 ms CreateObjectMapping: 0.142900 ms MarkObjects: 2.653500 ms  DeleteObjects: 0.096100 ms)

AssetImportParameters requested are different than current active one (requested -> active):
  custom:framework-win-MediaFoundation: 216162199b28c13a410421893ffa2e32 -> 
  custom:video-decoder-ogg-theora: a1e56fd34408186e4bbccfd4996cb3dc -> 
  custom:container-muxer-webm: aa71ff27fc2769a1b78a27578f13a17b -> 
  custom:container-demuxer-webm: 4f35f7cbe854078d1ac9338744f61a02 -> 
  custom:container-demuxer-ogg: 62fdf1f143b41e24485cea50d1cbac27 -> 
  custom:video-encoder-webm-vp8: eb34c28f22e8b96e1ab97ce403110664 -> 
  custom:video-codec-MediaFoundation-h265: 746d11721c4dcdbdad8f713fa42b33f4 -> 
  custom:video-decoder-webm-vp8: 9c59270c3fd7afecdb556c50c9e8de78 -> 
  custom:audio-decoder-ogg-vorbis: bf7c407c2cedff20999df2af8eb42d56 -> 
  custom:audio-encoder-webm-vorbis: bf7c407c2cedff20999df2af8eb42d56 -> 
========================================================================
Received Import Request.
  Time since last request: 317.163580 seconds.
  path: Assets/image/HOW TO PLAY.png
  artifactKey: Guid(d38e813a62146a64eb8ed62b4fd196dd) Importer(815301076,1909f56bfc062723c751e8b465ee728b)
Start importing Assets/image/HOW TO PLAY.png using Guid(d38e813a62146a64eb8ed62b4fd196dd) Importer(815301076,1909f56bfc062723c751e8b465ee728b)  -> (artifact id: 'caf64e0622148a8d46fac03b465933cc') in 0.038988 seconds 
  Import took 0.044682 seconds .

========================================================================
Received Import Request.
  Time since last request: 10.363935 seconds.
  path: Assets/image/HOW TO PLAY.png
  artifactKey: Guid(d38e813a62146a64eb8ed62b4fd196dd) Importer(815301076,1909f56bfc062723c751e8b465ee728b)
Start importing Assets/image/HOW TO PLAY.png using Guid(d38e813a62146a64eb8ed62b4fd196dd) Importer(815301076,1909f56bfc062723c751e8b465ee728b)  -> (artifact id: '52991eafb20977561d61e2b527d8f998') in 0.055056 seconds 
  Import took 0.059699 seconds .

========================================================================
Received Prepare
Registering precompiled user dll's ...
Registered in 0.003811 seconds.
Begin MonoManager ReloadAssembly
Native extension for Lumin target not found
Native extension for LinuxStandalone target not found
Native extension for WindowsStandalone target not found
Refreshing native plugins compatible for Editor in 0.66 ms, found 2 plugins.
Preloading 0 native plugins for Editor in 0.00 ms.
Mono: successfully reloaded assembly
- Completed reload, in  1.064 seconds
Domain Reload Profiling:
	ReloadAssembly (1065ms)
		BeginReloadAssembly (114ms)
			ExecutionOrderSort (0ms)
			DisableScriptedObjects (5ms)
			BackupInstance (0ms)
			ReleaseScriptingObjects (0ms)
			CreateAndSetChildDomain (36ms)
		EndReloadAssembly (898ms)
			LoadAssemblies (81ms)
			RebuildTransferFunctionScriptingTraits (0ms)
			SetupTypeCache (306ms)
			ReleaseScriptCaches (1ms)
			RebuildScriptCaches (48ms)
			SetupLoadedEditorAssemblies (328ms)
				LogAssemblyErrors (0ms)
				InitializePlatformSupportModulesInManaged (5ms)
				SetLoadedEditorAssemblies (0ms)
				RefreshPlugins (1ms)
				BeforeProcessingInitializeOnLoad (92ms)
				ProcessInitializeOnLoadAttributes (219ms)
				ProcessInitializeOnLoadMethodAttributes (8ms)
				AfterProcessingInitializeOnLoad (2ms)
				EditorAssembliesLoaded (0ms)
			ExecutionOrderSort2 (0ms)
			AwakeInstancesAfterBackupRestoration (17ms)
Platform modules already initialized, skipping
Refreshing native plugins compatible for Editor in 0.66 ms, found 2 plugins.
Preloading 0 native plugins for Editor in 0.00 ms.
Unloading 3209 Unused Serialized files (Serialized files now loaded: 0)
System memory in use before: 151.3 MB.
System memory in use after: 151.5 MB.

Unloading 16 unused Assets to reduce memory usage. Loaded Objects now: 3903.
Total: 3.495100 ms (FindLiveObjects: 0.435600 ms CreateObjectMapping: 0.247200 ms MarkObjects: 2.720300 ms  DeleteObjects: 0.091000 ms)

AssetImportParameters requested are different than current active one (requested -> active):
  custom:framework-win-MediaFoundation: 216162199b28c13a410421893ffa2e32 -> 
  custom:video-decoder-ogg-theora: a1e56fd34408186e4bbccfd4996cb3dc -> 
  custom:container-muxer-webm: aa71ff27fc2769a1b78a27578f13a17b -> 
  custom:container-demuxer-webm: 4f35f7cbe854078d1ac9338744f61a02 -> 
  custom:container-demuxer-ogg: 62fdf1f143b41e24485cea50d1cbac27 -> 
  custom:video-encoder-webm-vp8: eb34c28f22e8b96e1ab97ce403110664 -> 
  custom:video-codec-MediaFoundation-h265: 746d11721c4dcdbdad8f713fa42b33f4 -> 
  custom:video-decoder-webm-vp8: 9c59270c3fd7afecdb556c50c9e8de78 -> 
  custom:audio-decoder-ogg-vorbis: bf7c407c2cedff20999df2af8eb42d56 -> 
  custom:audio-encoder-webm-vorbis: bf7c407c2cedff20999df2af8eb42d56 -> 
========================================================================
Received Import Request.
  Time since last request: 117.076493 seconds.
  path: Assets/image/HOW TO PLAY.png
  artifactKey: Guid(d38e813a62146a64eb8ed62b4fd196dd) Importer(815301076,1909f56bfc062723c751e8b465ee728b)
Start importing Assets/image/HOW TO PLAY.png using Guid(d38e813a62146a64eb8ed62b4fd196dd) Importer(815301076,1909f56bfc062723c751e8b465ee728b)  -> (artifact id: '9b887cc8f0f8d541f1ca4cad73a23a65') in 0.038050 seconds 
  Import took 0.042773 seconds .

========================================================================
Received Import Request.
  Time since last request: 8.344531 seconds.
  path: Assets/image/HOW TO PLAY.png
  artifactKey: Guid(d38e813a62146a64eb8ed62b4fd196dd) Importer(815301076,1909f56bfc062723c751e8b465ee728b)
Start importing Assets/image/HOW TO PLAY.png using Guid(d38e813a62146a64eb8ed62b4fd196dd) Importer(815301076,1909f56bfc062723c751e8b465ee728b)  -> (artifact id: 'e7d1c79641db6dc01c1184b1ea7cdb4c') in 0.054910 seconds 
  Import took 0.059648 seconds .

AssetImportWorkerClient::OnTransportError - code=2 error=End of file
